2022/08/02 16:31:42 
2022/08/02 16:31:42 
2022/08/02 16:31:42 
Test (2C): basic persistence ...
2022/08/02 16:31:42 loop is 0
2022/08/02 16:31:42 log is {11 1 1}
2022/08/02 16:31:42 leader 0 logs are [{<nil> 0 0} {11 1 1}]
2022/08/02 16:31:42 当前index是: 1
2022/08/02 16:31:42 server 1 logs are [{<nil> 0 0} {11 1 1}]
2022/08/02 16:31:42 server 2 logs are [{<nil> 0 0} {11 1 1}]
2022/08/02 16:31:42 server 0 log length is 2, commit index is 0, args index is 1
2022/08/02 16:31:42 server 0 receive commit
2022/08/02 16:31:42 server 1 log length is 2, commit index is 0, args index is 1
2022/08/02 16:31:42 server 1 receive commit
2022/08/02 16:31:42 server 2 log length is 2, commit index is 0, args index is 1
2022/08/02 16:31:42 server 2 receive commit
2022/08/02 16:31:42 commit index is 1
2022/08/02 16:31:42 
2022/08/02 16:31:42 
2022/08/02 16:31:42 
2022/08/02 16:31:42 loop is 0
2022/08/02 16:31:42 log is {12 1 1}
2022/08/02 16:31:42 leader 0 logs are [{<nil> 0 0} {12 1 1}]
2022/08/02 16:31:42 当前index是: 1
2022/08/02 16:31:42 server 1 logs are [{<nil> 0 0} {12 1 1}]
2022/08/02 16:31:42 server 2 logs are [{<nil> 0 0} {12 1 1}]
2022/08/02 16:31:42 server 0 log length is 2, commit index is 0, args index is 1
2022/08/02 16:31:42 server 0 receive commit
2022/08/02 16:31:42 server 2 log length is 2, commit index is 0, args index is 1
2022/08/02 16:31:42 server 2 receive commit
2022/08/02 16:31:42 server 1 log length is 2, commit index is 0, args index is 1
2022/08/02 16:31:42 server 1 receive commit
2022/08/02 16:31:42 0: log map[1:11]; server map[1:11]
2022/08/02 16:31:42 0: log map[1:11]; server map[1:11]
2022/08/02 16:31:42 0: log map[1:11]; server map[1:11]
2022/08/02 16:31:42 apply error: commit index=1 server=0 12 != server=2 11
exit status 1
FAIL	6.824/raft	0.022s
2022/08/02 16:31:42 
2022/08/02 16:31:42 
2022/08/02 16:31:42 
2022/08/02 16:31:42 
2022/08/02 16:31:42 
Test (2C): more persistence ...
2022/08/02 16:31:42 loop is 0
2022/08/02 16:31:42 log is {11 1 1}
2022/08/02 16:31:42 leader 0 logs are [{<nil> 0 0} {11 1 1}]
2022/08/02 16:31:42 当前index是: 1
2022/08/02 16:31:42 server 2 logs are [{<nil> 0 0} {11 1 1}]
2022/08/02 16:31:42 server 1 logs are [{<nil> 0 0} {11 1 1}]
2022/08/02 16:31:42 server 3 logs are [{<nil> 0 0} {11 1 1}]
2022/08/02 16:31:42 server 4 logs are [{<nil> 0 0} {11 1 1}]
2022/08/02 16:31:42 server 4 log length is 2, commit index is 0, args index is 1
2022/08/02 16:31:42 server 4 receive commit
2022/08/02 16:31:42 server 1 log length is 2, commit index is 0, args index is 1
2022/08/02 16:31:42 server 1 receive commit
2022/08/02 16:31:42 server 2 log length is 2, commit index is 0, args index is 1
2022/08/02 16:31:42 server 2 receive commit
2022/08/02 16:31:42 server 0 log length is 2, commit index is 0, args index is 1
2022/08/02 16:31:42 server 3 log length is 2, commit index is 0, args index is 1
2022/08/02 16:31:42 server 3 receive commit
2022/08/02 16:31:42 server 0 receive commit
2022/08/02 16:31:42 commit index is 1
2022/08/02 16:31:42 server 2 在term 2 当选为leader
2022/08/02 16:31:42 loop is 0
2022/08/02 16:31:42 log is {12 2 2}
2022/08/02 16:31:42 leader 2 logs are [{<nil> 0 0} {11 1 1} {12 2 2}]
2022/08/02 16:31:42 当前index是: 2
2022/08/02 16:31:42 server 1 logs are [{<nil> 0 0} {11 1 1} {12 2 2}]
2022/08/02 16:31:42 server 0 logs are [{<nil> 0 0} {11 1 1} {12 2 2}]
2022/08/02 16:31:42 server 0 log length is 3, commit index is 1, args index is 2
2022/08/02 16:31:42 server 0 receive commit
2022/08/02 16:31:42 server 2 log length is 3, commit index is 1, args index is 2
2022/08/02 16:31:42 server 2 receive commit
2022/08/02 16:31:42 server 1 log length is 3, commit index is 1, args index is 2
2022/08/02 16:31:42 server 1 receive commit
2022/08/02 16:31:42 commit index is 2
2022/08/02 16:31:42 
2022/08/02 16:31:42 
2022/08/02 16:31:43 server 3 在term 2 当选为leader
2022/08/02 16:31:43 
2022/08/02 16:31:43 loop is 0
2022/08/02 16:31:43 log is {13 3 1}
2022/08/02 16:31:43 leader 3 logs are [{<nil> 0 0} {13 3 1}]
2022/08/02 16:31:43 当前index是: 1
2022/08/02 16:31:43 server 0 logs are [{<nil> 0 0} {13 3 1}]
2022/08/02 16:31:43 server 4 logs are [{<nil> 0 0} {13 3 1}]
2022/08/02 16:31:43 server 4 log length is 2, commit index is 0, args index is 1
2022/08/02 16:31:43 server 4 receive commit
2022/08/02 16:31:43 server 0 log length is 2, commit index is 0, args index is 1
2022/08/02 16:31:43 server 0 receive commit
2022/08/02 16:31:43 server 3 log length is 2, commit index is 0, args index is 1
2022/08/02 16:31:43 server 3 receive commit
2022/08/02 16:31:43 4: log map[1:11]; server map[1:11 2:12]
2022/08/02 16:31:43 4: log map[1:11]; server map[1:11 2:12]
2022/08/02 16:31:43 4: log map[1:11]; server map[1:11 2:12]
2022/08/02 16:31:43 4: log map[1:11]; server map[1:11]
2022/08/02 16:31:43 4: log map[1:11]; server map[1:11]
2022/08/02 16:31:43 apply error: commit index=1 server=4 13 != server=4 11
exit status 1
FAIL	6.824/raft	1.564s
2022/08/02 16:31:44 
2022/08/02 16:31:44 
2022/08/02 16:31:44 
Test (2C): partitioned leader and one follower crash, leader restarts ...
2022/08/02 16:31:44 loop is 0
2022/08/02 16:31:44 log is {101 1 1}
2022/08/02 16:31:44 leader 0 logs are [{<nil> 0 0} {101 1 1}]
2022/08/02 16:31:44 当前index是: 1
2022/08/02 16:31:44 server 1 logs are [{<nil> 0 0} {101 1 1}]
2022/08/02 16:31:44 server 2 logs are [{<nil> 0 0} {101 1 1}]
2022/08/02 16:31:44 server 1 log length is 2, commit index is 0, args index is 1
2022/08/02 16:31:44 server 1 receive commit
2022/08/02 16:31:44 server 0 log length is 2, commit index is 0, args index is 1
2022/08/02 16:31:44 server 0 receive commit
2022/08/02 16:31:44 server 2 log length is 2, commit index is 0, args index is 1
2022/08/02 16:31:44 server 2 receive commit
2022/08/02 16:31:44 commit index is 1
2022/08/02 16:31:44 server 2 在term 2 当选为leader
2022/08/02 16:31:44 loop is 0
2022/08/02 16:31:44 log is {102 2 2}
2022/08/02 16:31:44 leader 2 logs are [{<nil> 0 0} {101 1 1} {102 2 2}]
2022/08/02 16:31:44 当前index是: 2
2022/08/02 16:31:44 server 0 logs are [{<nil> 0 0} {101 1 1} {102 2 2}]
2022/08/02 16:31:44 server 0 log length is 3, commit index is 1, args index is 2
2022/08/02 16:31:44 server 0 receive commit
2022/08/02 16:31:44 server 2 log length is 3, commit index is 1, args index is 2
2022/08/02 16:31:44 server 2 receive commit
2022/08/02 16:31:44 commit index is 2
2022/08/02 16:31:44 
2022/08/02 16:31:44 loop is 0
2022/08/02 16:31:44 loop is 1
2022/08/02 16:31:44 loop is 2
2022/08/02 16:31:44 loop is 3
2022/08/02 16:31:44 loop is 4
2022/08/02 16:31:44 loop is 5
2022/08/02 16:31:45 loop is 6
2022/08/02 16:31:45 loop is 7
2022/08/02 16:31:45 server 2 在term 3 当选为leader
2022/08/02 16:31:45 loop is 8
2022/08/02 16:31:45 log is {103 3 1}
2022/08/02 16:31:45 leader 2 logs are [{<nil> 0 0} {103 3 1}]
2022/08/02 16:31:45 当前index是: 1
2022/08/02 16:31:45 server 1 logs are [{<nil> 0 0} {103 3 1}]
2022/08/02 16:31:45 server 2 log length is 2, commit index is 0, args index is 1
2022/08/02 16:31:45 server 2 receive commit
2022/08/02 16:31:45 2: log map[1:101 2:102]; server map[1:101 2:102]
2022/08/02 16:31:45 2: log map[1:101 2:102]; server map[1:101]
2022/08/02 16:31:45 2: log map[1:101 2:102]; server map[1:101 2:102]
2022/08/02 16:31:45 apply error: commit index=1 server=2 103 != server=2 101
exit status 1
FAIL	6.824/raft	0.947s
2022/08/02 16:31:45 
2022/08/02 16:31:45 
2022/08/02 16:31:45 
2022/08/02 16:31:45 
2022/08/02 16:31:45 
Test (2C): Figure 8 ...
2022/08/02 16:31:45 loop is 0
2022/08/02 16:31:45 log is {595314332281075409 1 1}
2022/08/02 16:31:45 leader 0 logs are [{<nil> 0 0} {595314332281075409 1 1}]
2022/08/02 16:31:45 当前index是: 1
2022/08/02 16:31:45 server 1 logs are [{<nil> 0 0} {595314332281075409 1 1}]
2022/08/02 16:31:45 server 4 logs are [{<nil> 0 0} {595314332281075409 1 1}]
2022/08/02 16:31:45 server 3 logs are [{<nil> 0 0} {595314332281075409 1 1}]
2022/08/02 16:31:45 server 2 logs are [{<nil> 0 0} {595314332281075409 1 1}]
2022/08/02 16:31:45 server 4 log length is 2, commit index is 0, args index is 1
2022/08/02 16:31:45 server 4 receive commit
2022/08/02 16:31:45 server 0 log length is 2, commit index is 0, args index is 1
2022/08/02 16:31:45 server 0 receive commit
2022/08/02 16:31:45 server 3 log length is 2, commit index is 0, args index is 1
2022/08/02 16:31:45 server 3 receive commit
2022/08/02 16:31:45 server 2 log length is 2, commit index is 0, args index is 1
2022/08/02 16:31:45 server 2 receive commit
2022/08/02 16:31:45 server 1 log length is 2, commit index is 0, args index is 1
2022/08/02 16:31:45 server 1 receive commit
2022/08/02 16:31:45 commit index is 1
2022/08/02 16:31:45 log is {5167277311719012940 1 2}
2022/08/02 16:31:45 leader 0 logs are [{<nil> 0 0} {595314332281075409 1 1} {5167277311719012940 1 2}]
2022/08/02 16:31:45 server 2 logs are [{<nil> 0 0} {595314332281075409 1 1} {5167277311719012940 1 2}]
2022/08/02 16:31:45 server 1 logs are [{<nil> 0 0} {595314332281075409 1 1} {5167277311719012940 1 2}]
2022/08/02 16:31:45 server 3 logs are [{<nil> 0 0} {595314332281075409 1 1} {5167277311719012940 1 2}]
2022/08/02 16:31:45 server 4 logs are [{<nil> 0 0} {595314332281075409 1 1} {5167277311719012940 1 2}]
2022/08/02 16:31:45 server 0 log length is 3, commit index is 1, args index is 2
2022/08/02 16:31:45 server 0 receive commit
2022/08/02 16:31:45 server 2 log length is 3, commit index is 1, args index is 2
2022/08/02 16:31:45 server 2 receive commit
2022/08/02 16:31:45 server 4 log length is 3, commit index is 1, args index is 2
2022/08/02 16:31:45 server 4 receive commit
2022/08/02 16:31:45 server 1 log length is 3, commit index is 1, args index is 2
2022/08/02 16:31:45 server 1 receive commit
2022/08/02 16:31:45 server 3 log length is 3, commit index is 1, args index is 2
2022/08/02 16:31:45 server 3 receive commit
2022/08/02 16:31:45 server 3 在term 2 当选为leader
2022/08/02 16:31:45 log is {8753700780113732844 2 3}
2022/08/02 16:31:45 leader 3 logs are [{<nil> 0 0} {595314332281075409 1 1} {5167277311719012940 1 2} {8753700780113732844 2 3}]
2022/08/02 16:31:45 server 1 logs are [{<nil> 0 0} {595314332281075409 1 1} {5167277311719012940 1 2} {8753700780113732844 2 3}]
2022/08/02 16:31:45 server 2 logs are [{<nil> 0 0} {595314332281075409 1 1} {5167277311719012940 1 2} {8753700780113732844 2 3}]
2022/08/02 16:31:45 server 4 logs are [{<nil> 0 0} {595314332281075409 1 1} {5167277311719012940 1 2} {8753700780113732844 2 3}]
2022/08/02 16:31:45 server 4 log length is 4, commit index is 2, args index is 3
2022/08/02 16:31:45 server 4 receive commit
2022/08/02 16:31:45 server 3 log length is 4, commit index is 2, args index is 3
2022/08/02 16:31:45 server 3 receive commit
2022/08/02 16:31:45 server 2 log length is 4, commit index is 2, args index is 3
2022/08/02 16:31:45 server 2 receive commit
2022/08/02 16:31:45 server 1 log length is 4, commit index is 2, args index is 3
2022/08/02 16:31:45 server 1 receive commit
2022/08/02 16:31:46 server 1 在term 3 当选为leader
2022/08/02 16:31:46 log is {623633318195804816 3 4}
2022/08/02 16:31:46 leader 1 logs are [{<nil> 0 0} {595314332281075409 1 1} {5167277311719012940 1 2} {8753700780113732844 2 3} {623633318195804816 3 4}]
2022/08/02 16:31:46 server 2 logs are [{<nil> 0 0} {595314332281075409 1 1} {5167277311719012940 1 2} {8753700780113732844 2 3} {623633318195804816 3 4}]
2022/08/02 16:31:46 server 4 logs are [{<nil> 0 0} {595314332281075409 1 1} {5167277311719012940 1 2} {8753700780113732844 2 3} {623633318195804816 3 4}]
2022/08/02 16:31:46 server 1 log length is 5, commit index is 3, args index is 4
2022/08/02 16:31:46 server 1 receive commit
2022/08/02 16:31:46 server 4 log length is 5, commit index is 3, args index is 4
2022/08/02 16:31:46 server 2 log length is 5, commit index is 3, args index is 4
2022/08/02 16:31:46 server 2 receive commit
2022/08/02 16:31:46 server 4 receive commit
2022/08/02 16:31:46 
2022/08/02 16:31:46 server 1 在term 4 当选为leader
2022/08/02 16:31:46 log is {784744733909724274 4 1}
2022/08/02 16:31:46 leader 1 logs are [{<nil> 0 0} {784744733909724274 4 1}]
2022/08/02 16:31:46 server 2 logs are [{<nil> 0 0} {784744733909724274 4 1} {5167277311719012940 1 2} {8753700780113732844 2 3} {623633318195804816 3 4}]
2022/08/02 16:31:46 server 4 logs are [{<nil> 0 0} {784744733909724274 4 1} {5167277311719012940 1 2} {8753700780113732844 2 3} {623633318195804816 3 4}]
2022/08/02 16:31:46 server 1 log length is 2, commit index is 0, args index is 1
2022/08/02 16:31:46 server 1 receive commit
2022/08/02 16:31:46 1: log map[1:595314332281075409 2:5167277311719012940 3:8753700780113732844 4:623633318195804816]; server map[1:595314332281075409 2:5167277311719012940]
2022/08/02 16:31:46 1: log map[1:595314332281075409 2:5167277311719012940 3:8753700780113732844 4:623633318195804816]; server map[1:595314332281075409 2:5167277311719012940 3:8753700780113732844 4:623633318195804816]
2022/08/02 16:31:46 1: log map[1:595314332281075409 2:5167277311719012940 3:8753700780113732844 4:623633318195804816]; server map[1:595314332281075409 2:5167277311719012940 3:8753700780113732844 4:623633318195804816]
2022/08/02 16:31:46 1: log map[1:595314332281075409 2:5167277311719012940 3:8753700780113732844 4:623633318195804816]; server map[1:595314332281075409 2:5167277311719012940 3:8753700780113732844]
2022/08/02 16:31:46 1: log map[1:595314332281075409 2:5167277311719012940 3:8753700780113732844 4:623633318195804816]; server map[1:595314332281075409 2:5167277311719012940 3:8753700780113732844 4:623633318195804816]
2022/08/02 16:31:46 apply error: commit index=1 server=1 784744733909724274 != server=4 595314332281075409
exit status 1
FAIL	6.824/raft	1.642s
2022/08/02 16:31:47 
2022/08/02 16:31:47 
2022/08/02 16:31:47 
2022/08/02 16:31:47 
2022/08/02 16:31:47 
Test (2C): unreliable agreement ...
2022/08/02 16:31:47 loop is 0
2022/08/02 16:31:47 log is {1 1 1}
2022/08/02 16:31:47 loop is 0
2022/08/02 16:31:47 log is {101 1 2}
2022/08/02 16:31:47 leader 0 logs are [{<nil> 0 0} {1 1 1} {101 1 2}]
2022/08/02 16:31:47 当前index是: 2
2022/08/02 16:31:47 loop is 0
2022/08/02 16:31:47 log is {102 1 3}
2022/08/02 16:31:47 leader 0 logs are [{<nil> 0 0} {1 1 1} {101 1 2} {102 1 3}]
2022/08/02 16:31:47 当前index是: 3
2022/08/02 16:31:47 loop is 0
2022/08/02 16:31:47 log is {100 1 4}
2022/08/02 16:31:47 leader 0 logs are [{<nil> 0 0} {1 1 1} {101 1 2} {102 1 3} {100 1 4}]
2022/08/02 16:31:47 当前index是: 4
2022/08/02 16:31:47 leader 0 logs are [{<nil> 0 0} {1 1 1}]
2022/08/02 16:31:47 当前index是: 1
2022/08/02 16:31:47 loop is 0
2022/08/02 16:31:47 log is {103 1 5}
2022/08/02 16:31:47 leader 0 logs are [{<nil> 0 0} {1 1 1} {101 1 2} {102 1 3} {100 1 4} {103 1 5}]
2022/08/02 16:31:47 当前index是: 5
2022/08/02 16:31:47 server 1 logs are [{<nil> 0 0} {1 1 1}]
2022/08/02 16:31:47 server 2 logs are [{<nil> 0 0} {1 1 1}]
2022/08/02 16:31:47 server 3 logs are [{<nil> 0 0} {1 1 1}]
2022/08/02 16:31:47 server 1 logs are [{<nil> 0 0} {1 1 1} {101 1 2}]
2022/08/02 16:31:47 server 4 logs are [{<nil> 0 0} {1 1 1}]
labgob warning: Decoding into a non-default variable/field Term may not work
2022/08/02 16:31:47 server 1 logs are [{<nil> 0 0} {1 1 1} {101 1 2} {102 1 3}]
2022/08/02 16:31:47 server 1 logs are [{<nil> 0 0} {1 1 1} {101 1 2} {102 1 3} {100 1 4}]
2022/08/02 16:31:47 server 1 logs are [{<nil> 0 0} {1 1 1} {101 1 2} {102 1 3} {100 1 4} {103 1 5}]
2022/08/02 16:31:47 server 0 log length is 6, commit index is 0, args index is 5
2022/08/02 16:31:47 server 0 receive commit
2022/08/02 16:31:47 server 0 log length is 6, commit index is 1, args index is 5
2022/08/02 16:31:47 server 0 receive commit
2022/08/02 16:31:47 server 2 logs are [{<nil> 0 0} {1 1 1} {101 1 2}]
2022/08/02 16:31:47 server 3 logs are [{<nil> 0 0} {1 1 1} {101 1 2}]
2022/08/02 16:31:47 server 0 log length is 6, commit index is 2, args index is 5
2022/08/02 16:31:47 server 0 receive commit
2022/08/02 16:31:47 server 0 log length is 6, commit index is 3, args index is 5
2022/08/02 16:31:47 server 0 receive commit
2022/08/02 16:31:47 server 0 log length is 6, commit index is 4, args index is 5
2022/08/02 16:31:47 server 0 receive commit
2022/08/02 16:31:47 server 3 logs are [{<nil> 0 0} {1 1 1} {101 1 2} {102 1 3}]
2022/08/02 16:31:47 server 2 logs are [{<nil> 0 0} {1 1 1} {101 1 2} {102 1 3}]
2022/08/02 16:31:47 server 1 log length is 6, commit index is 0, args index is 5
2022/08/02 16:31:47 server 1 receive commit
2022/08/02 16:31:47 server 3 logs are [{<nil> 0 0} {1 1 1} {101 1 2} {102 1 3}]
2022/08/02 16:31:47 server 1 log length is 6, commit index is 1, args index is 5
2022/08/02 16:31:47 server 1 receive commit
2022/08/02 16:31:47 server 1 log length is 6, commit index is 2, args index is 5
2022/08/02 16:31:47 server 1 receive commit
2022/08/02 16:31:47 server 1 log length is 6, commit index is 3, args index is 5
2022/08/02 16:31:47 server 1 receive commit
2022/08/02 16:31:47 server 1 log length is 6, commit index is 4, args index is 5
2022/08/02 16:31:47 server 1 receive commit
2022/08/02 16:31:47 server 4 logs are [{<nil> 0 0} {1 1 1} {101 1 2}]
2022/08/02 16:31:47 server 2 logs are [{<nil> 0 0} {1 1 1} {101 1 2} {102 1 3}]
2022/08/02 16:31:47 server 3 logs are [{<nil> 0 0} {1 1 1} {101 1 2} {102 1 3} {100 1 4}]
2022/08/02 16:31:47 server 3 logs are [{<nil> 0 0} {1 1 1} {101 1 2} {102 1 3} {100 1 4}]
2022/08/02 16:31:47 commit index is 4
2022/08/02 16:31:47 commit index is 2
2022/08/02 16:31:47 commit index is 3
2022/08/02 16:31:47 commit index is 1
2022/08/02 16:31:47 loop is 0
2022/08/02 16:31:47 log is {2 1 6}
2022/08/02 16:31:47 loop is 0
2022/08/02 16:31:47 log is {201 1 7}
2022/08/02 16:31:47 leader 0 logs are [{<nil> 0 0} {1 1 1} {101 1 2} {102 1 3} {100 1 4} {103 1 5} {2 1 6} {201 1 7}]
2022/08/02 16:31:47 当前index是: 7
2022/08/02 16:31:47 loop is 0
2022/08/02 16:31:47 log is {200 1 8}
2022/08/02 16:31:47 leader 0 logs are [{<nil> 0 0} {1 1 1} {101 1 2} {102 1 3} {100 1 4} {103 1 5} {2 1 6} {201 1 7} {200 1 8}]
2022/08/02 16:31:47 当前index是: 8
2022/08/02 16:31:47 leader 0 logs are [{<nil> 0 0} {1 1 1} {101 1 2} {102 1 3} {100 1 4} {103 1 5} {2 1 6}]
2022/08/02 16:31:47 当前index是: 6
2022/08/02 16:31:47 loop is 0
2022/08/02 16:31:47 log is {202 1 9}
2022/08/02 16:31:47 leader 0 logs are [{<nil> 0 0} {1 1 1} {101 1 2} {102 1 3} {100 1 4} {103 1 5} {2 1 6} {201 1 7} {200 1 8} {202 1 9}]
2022/08/02 16:31:47 当前index是: 9
2022/08/02 16:31:47 commit index is 5
2022/08/02 16:31:47 server 4 logs are [{<nil> 0 0} {1 1 1} {101 1 2} {102 1 3}]
2022/08/02 16:31:47 server 1 logs are [{<nil> 0 0} {1 1 1} {101 1 2} {102 1 3} {100 1 4} {103 1 5} {2 1 6}]
2022/08/02 16:31:47 server 3 logs are [{<nil> 0 0} {1 1 1} {101 1 2} {102 1 3} {100 1 4}]
2022/08/02 16:31:47 server 3 logs are [{<nil> 0 0} {1 1 1} {101 1 2} {102 1 3} {100 1 4} {103 1 5}]
2022/08/02 16:31:47 server 4 logs are [{<nil> 0 0} {1 1 1} {101 1 2} {102 1 3}]
2022/08/02 16:31:47 server 4 logs are [{<nil> 0 0} {1 1 1} {101 1 2} {102 1 3}]
2022/08/02 16:31:47 server 1 logs are [{<nil> 0 0} {1 1 1} {101 1 2} {102 1 3} {100 1 4} {103 1 5} {2 1 6} {201 1 7}]
2022/08/02 16:31:47 loop is 0
2022/08/02 16:31:47 log is {203 1 10}
2022/08/02 16:31:47 leader 0 logs are [{<nil> 0 0} {1 1 1} {101 1 2} {102 1 3} {100 1 4} {103 1 5} {2 1 6} {201 1 7} {200 1 8} {202 1 9} {203 1 10}]
2022/08/02 16:31:47 当前index是: 10
2022/08/02 16:31:47 server 0 log length is 10, commit index is 5, args index is 9
2022/08/02 16:31:47 server 0 receive commit
2022/08/02 16:31:47 server 0 log length is 11, commit index is 6, args index is 9
2022/08/02 16:31:47 server 0 receive commit
2022/08/02 16:31:47 server 0 log length is 11, commit index is 7, args index is 9
2022/08/02 16:31:47 server 0 receive commit
2022/08/02 16:31:47 server 0 log length is 11, commit index is 8, args index is 9
2022/08/02 16:31:47 server 0 receive commit
2022/08/02 16:31:47 server 2 logs are [{<nil> 0 0} {1 1 1} {101 1 2} {102 1 3} {100 1 4}]
2022/08/02 16:31:47 server 4 logs are [{<nil> 0 0} {1 1 1} {101 1 2} {102 1 3} {100 1 4}]
2022/08/02 16:31:47 server 1 logs are [{<nil> 0 0} {1 1 1} {101 1 2} {102 1 3} {100 1 4} {103 1 5} {2 1 6} {201 1 7} {200 1 8}]
2022/08/02 16:31:47 commit index is 6
2022/08/02 16:31:47 loop is 0
2022/08/02 16:31:47 log is {3 1 11}
2022/08/02 16:31:47 leader 0 logs are [{<nil> 0 0} {1 1 1} {101 1 2} {102 1 3} {100 1 4} {103 1 5} {2 1 6} {201 1 7} {200 1 8} {202 1 9} {203 1 10} {3 1 11}]
2022/08/02 16:31:47 当前index是: 11
2022/08/02 16:31:47 server 4 logs are [{<nil> 0 0} {1 1 1} {101 1 2} {102 1 3} {100 1 4}]
2022/08/02 16:31:47 server 4 logs are [{<nil> 0 0} {1 1 1} {101 1 2} {102 1 3} {100 1 4}]
2022/08/02 16:31:47 server 2 logs are [{<nil> 0 0} {1 1 1} {101 1 2} {102 1 3} {100 1 4}]
2022/08/02 16:31:47 commit index is 9
2022/08/02 16:31:47 commit index is 8
2022/08/02 16:31:47 commit index is 7
2022/08/02 16:31:47 loop is 0
2022/08/02 16:31:47 log is {300 1 12}
2022/08/02 16:31:47 leader 0 logs are [{<nil> 0 0} {1 1 1} {101 1 2} {102 1 3} {100 1 4} {103 1 5} {2 1 6} {201 1 7} {200 1 8} {202 1 9} {203 1 10} {3 1 11} {300 1 12}]
2022/08/02 16:31:47 当前index是: 12
2022/08/02 16:31:47 server 4 logs are [{<nil> 0 0} {1 1 1} {101 1 2} {102 1 3} {100 1 4} {103 1 5}]
2022/08/02 16:31:47 loop is 0
2022/08/02 16:31:47 log is {301 1 13}
2022/08/02 16:31:47 leader 0 logs are [{<nil> 0 0} {1 1 1} {101 1 2} {102 1 3} {100 1 4} {103 1 5} {2 1 6} {201 1 7} {200 1 8} {202 1 9} {203 1 10} {3 1 11} {300 1 12} {301 1 13}]
2022/08/02 16:31:47 当前index是: 13
2022/08/02 16:31:47 server 3 logs are [{<nil> 0 0} {1 1 1} {101 1 2} {102 1 3} {100 1 4} {103 1 5} {2 1 6}]
2022/08/02 16:31:47 loop is 0
2022/08/02 16:31:47 log is {302 1 14}
2022/08/02 16:31:47 leader 0 logs are [{<nil> 0 0} {1 1 1} {101 1 2} {102 1 3} {100 1 4} {103 1 5} {2 1 6} {201 1 7} {200 1 8} {202 1 9} {203 1 10} {3 1 11} {300 1 12} {301 1 13} {302 1 14}]
2022/08/02 16:31:47 当前index是: 14
2022/08/02 16:31:47 server 3 logs are [{<nil> 0 0} {1 1 1} {101 1 2} {102 1 3} {100 1 4} {103 1 5} {2 1 6}]
2022/08/02 16:31:47 loop is 0
2022/08/02 16:31:47 log is {303 1 15}
2022/08/02 16:31:47 leader 0 logs are [{<nil> 0 0} {1 1 1} {101 1 2} {102 1 3} {100 1 4} {103 1 5} {2 1 6} {201 1 7} {200 1 8} {202 1 9} {203 1 10} {3 1 11} {300 1 12} {301 1 13} {302 1 14} {303 1 15}]
2022/08/02 16:31:47 当前index是: 15
2022/08/02 16:31:47 server 3 logs are [{<nil> 0 0} {1 1 1} {101 1 2} {102 1 3} {100 1 4} {103 1 5} {2 1 6}]
2022/08/02 16:31:47 server 3 logs are [{<nil> 0 0} {1 1 1} {101 1 2} {102 1 3} {100 1 4} {103 1 5} {2 1 6} {201 1 7}]
2022/08/02 16:31:47 server 4 logs are [{<nil> 0 0} {1 1 1} {101 1 2} {102 1 3} {100 1 4} {103 1 5} {2 1 6}]
2022/08/02 16:31:47 server 3 logs are [{<nil> 0 0} {1 1 1} {101 1 2} {102 1 3} {100 1 4} {103 1 5} {2 1 6} {201 1 7} {200 1 8}]
2022/08/02 16:31:47 server 1 logs are [{<nil> 0 0} {1 1 1} {101 1 2} {102 1 3} {100 1 4} {103 1 5} {2 1 6} {201 1 7} {200 1 8} {202 1 9}]
2022/08/02 16:31:47 server 4 logs are [{<nil> 0 0} {1 1 1} {101 1 2} {102 1 3} {100 1 4} {103 1 5} {2 1 6}]
2022/08/02 16:31:47 server 3 logs are [{<nil> 0 0} {1 1 1} {101 1 2} {102 1 3} {100 1 4} {103 1 5} {2 1 6} {201 1 7} {200 1 8} {202 1 9}]
2022/08/02 16:31:47 server 1 logs are [{<nil> 0 0} {1 1 1} {101 1 2} {102 1 3} {100 1 4} {103 1 5} {2 1 6} {201 1 7} {200 1 8} {202 1 9}]
2022/08/02 16:31:47 server 2 logs are [{<nil> 0 0} {1 1 1} {101 1 2} {102 1 3} {100 1 4}]
2022/08/02 16:31:47 server 4 logs are [{<nil> 0 0} {1 1 1} {101 1 2} {102 1 3} {100 1 4} {103 1 5} {2 1 6}]
2022/08/02 16:31:47 server 2 logs are [{<nil> 0 0} {1 1 1} {101 1 2} {102 1 3} {100 1 4} {103 1 5}]
2022/08/02 16:31:47 server 4 logs are [{<nil> 0 0} {1 1 1} {101 1 2} {102 1 3} {100 1 4} {103 1 5} {2 1 6} {201 1 7}]
2022/08/02 16:31:47 server 2 logs are [{<nil> 0 0} {1 1 1} {101 1 2} {102 1 3} {100 1 4} {103 1 5} {2 1 6}]
2022/08/02 16:31:47 server 3 logs are [{<nil> 0 0} {1 1 1} {101 1 2} {102 1 3} {100 1 4} {103 1 5} {2 1 6} {201 1 7} {200 1 8} {202 1 9} {203 1 10}]
2022/08/02 16:31:47 server 2 logs are [{<nil> 0 0} {1 1 1} {101 1 2} {102 1 3} {100 1 4} {103 1 5} {2 1 6}]
2022/08/02 16:31:47 server 4 logs are [{<nil> 0 0} {1 1 1} {101 1 2} {102 1 3} {100 1 4} {103 1 5} {2 1 6} {201 1 7}]
2022/08/02 16:31:47 server 2 logs are [{<nil> 0 0} {1 1 1} {101 1 2} {102 1 3} {100 1 4} {103 1 5} {2 1 6}]
2022/08/02 16:31:47 server 3 logs are [{<nil> 0 0} {1 1 1} {101 1 2} {102 1 3} {100 1 4} {103 1 5} {2 1 6} {201 1 7} {200 1 8} {202 1 9} {203 1 10}]
2022/08/02 16:31:47 server 4 logs are [{<nil> 0 0} {1 1 1} {101 1 2} {102 1 3} {100 1 4} {103 1 5} {2 1 6} {201 1 7} {200 1 8}]
2022/08/02 16:31:47 server 4 logs are [{<nil> 0 0} {1 1 1} {101 1 2} {102 1 3} {100 1 4} {103 1 5} {2 1 6} {201 1 7} {200 1 8}]
2022/08/02 16:31:47 server 4 logs are [{<nil> 0 0} {1 1 1} {101 1 2} {102 1 3} {100 1 4} {103 1 5} {2 1 6} {201 1 7} {200 1 8}]
2022/08/02 16:31:47 server 3 logs are [{<nil> 0 0} {1 1 1} {101 1 2} {102 1 3} {100 1 4} {103 1 5} {2 1 6} {201 1 7} {200 1 8} {202 1 9} {203 1 10}]
2022/08/02 16:31:47 server 3 logs are [{<nil> 0 0} {1 1 1} {101 1 2} {102 1 3} {100 1 4} {103 1 5} {2 1 6} {201 1 7} {200 1 8} {202 1 9} {203 1 10}]
2022/08/02 16:31:47 server 3 logs are [{<nil> 0 0} {1 1 1} {101 1 2} {102 1 3} {100 1 4} {103 1 5} {2 1 6} {201 1 7} {200 1 8} {202 1 9} {203 1 10}]
2022/08/02 16:31:47 server 0 log length is 16, commit index is 9, args index is 15
2022/08/02 16:31:47 server 0 receive commit
2022/08/02 16:31:47 server 0 log length is 16, commit index is 10, args index is 15
2022/08/02 16:31:47 server 0 receive commit
2022/08/02 16:31:47 server 0 log length is 16, commit index is 11, args index is 15
2022/08/02 16:31:47 server 0 receive commit
2022/08/02 16:31:47 server 0 log length is 16, commit index is 12, args index is 15
2022/08/02 16:31:47 server 0 receive commit
2022/08/02 16:31:47 server 0 log length is 16, commit index is 13, args index is 15
2022/08/02 16:31:47 server 0 receive commit
2022/08/02 16:31:47 server 0 log length is 16, commit index is 14, args index is 15
2022/08/02 16:31:47 server 0 receive commit
2022/08/02 16:31:47 server 3 logs are [{<nil> 0 0} {1 1 1} {101 1 2} {102 1 3} {100 1 4} {103 1 5} {2 1 6} {201 1 7} {200 1 8} {202 1 9} {203 1 10}]
2022/08/02 16:31:47 server 2 logs are [{<nil> 0 0} {1 1 1} {101 1 2} {102 1 3} {100 1 4} {103 1 5} {2 1 6}]
2022/08/02 16:31:47 commit index is 15
2022/08/02 16:31:47 commit index is 11
2022/08/02 16:31:47 loop is 0
2022/08/02 16:31:47 log is {4 1 16}
2022/08/02 16:31:47 leader 0 logs are [{<nil> 0 0} {1 1 1} {101 1 2} {102 1 3} {100 1 4} {103 1 5} {2 1 6} {201 1 7} {200 1 8} {202 1 9} {203 1 10} {3 1 11} {300 1 12} {301 1 13} {302 1 14} {303 1 15} {4 1 16}]
2022/08/02 16:31:47 当前index是: 16
2022/08/02 16:31:47 commit index is 10
2022/08/02 16:31:47 commit index is 13
2022/08/02 16:31:47 commit index is 14
2022/08/02 16:31:47 commit index is 12
2022/08/02 16:31:47 loop is 0
2022/08/02 16:31:47 log is {400 1 17}
2022/08/02 16:31:47 leader 0 logs are [{<nil> 0 0} {1 1 1} {101 1 2} {102 1 3} {100 1 4} {103 1 5} {2 1 6} {201 1 7} {200 1 8} {202 1 9} {203 1 10} {3 1 11} {300 1 12} {301 1 13} {302 1 14} {303 1 15} {4 1 16} {400 1 17}]
2022/08/02 16:31:47 当前index是: 17
2022/08/02 16:31:47 loop is 0
2022/08/02 16:31:47 log is {401 1 18}
2022/08/02 16:31:47 leader 0 logs are [{<nil> 0 0} {1 1 1} {101 1 2} {102 1 3} {100 1 4} {103 1 5} {2 1 6} {201 1 7} {200 1 8} {202 1 9} {203 1 10} {3 1 11} {300 1 12} {301 1 13} {302 1 14} {303 1 15} {4 1 16} {400 1 17} {401 1 18}]
2022/08/02 16:31:47 当前index是: 18
2022/08/02 16:31:47 loop is 0
2022/08/02 16:31:47 log is {402 1 19}
2022/08/02 16:31:47 leader 0 logs are [{<nil> 0 0} {1 1 1} {101 1 2} {102 1 3} {100 1 4} {103 1 5} {2 1 6} {201 1 7} {200 1 8} {202 1 9} {203 1 10} {3 1 11} {300 1 12} {301 1 13} {302 1 14} {303 1 15} {4 1 16} {400 1 17} {401 1 18} {402 1 19}]
2022/08/02 16:31:47 当前index是: 19
2022/08/02 16:31:47 loop is 0
2022/08/02 16:31:47 log is {403 1 20}
2022/08/02 16:31:47 leader 0 logs are [{<nil> 0 0} {1 1 1} {101 1 2} {102 1 3} {100 1 4} {103 1 5} {2 1 6} {201 1 7} {200 1 8} {202 1 9} {203 1 10} {3 1 11} {300 1 12} {301 1 13} {302 1 14} {303 1 15} {4 1 16} {400 1 17} {401 1 18} {402 1 19} {403 1 20}]
2022/08/02 16:31:47 当前index是: 20
2022/08/02 16:31:47 server 1 logs are [{<nil> 0 0} {1 1 1} {101 1 2} {102 1 3} {100 1 4} {103 1 5} {2 1 6} {201 1 7} {200 1 8} {202 1 9} {203 1 10}]
2022/08/02 16:31:47 server 0 log length is 21, commit index is 15, args index is 20
2022/08/02 16:31:47 server 0 receive commit
2022/08/02 16:31:47 server 0 log length is 21, commit index is 16, args index is 20
2022/08/02 16:31:47 server 0 receive commit
2022/08/02 16:31:47 server 0 log length is 21, commit index is 17, args index is 20
2022/08/02 16:31:47 server 0 receive commit
2022/08/02 16:31:47 server 0 log length is 21, commit index is 18, args index is 20
2022/08/02 16:31:47 server 0 receive commit
2022/08/02 16:31:47 server 0 log length is 21, commit index is 19, args index is 20
2022/08/02 16:31:47 server 0 receive commit
2022/08/02 16:31:47 commit index is 17
2022/08/02 16:31:47 commit index is 16
2022/08/02 16:31:47 loop is 0
2022/08/02 16:31:47 log is {5 2 21}
2022/08/02 16:31:47 leader 0 logs are [{<nil> 0 0} {1 1 1} {101 1 2} {102 1 3} {100 1 4} {103 1 5} {2 1 6} {201 1 7} {200 1 8} {202 1 9} {203 1 10} {3 1 11} {300 1 12} {301 1 13} {302 1 14} {303 1 15} {4 1 16} {400 1 17} {401 1 18} {402 1 19} {403 1 20} {5 2 21}]
2022/08/02 16:31:47 当前index是: 21
2022/08/02 16:31:47 commit index is 18
2022/08/02 16:31:47 commit index is 19
2022/08/02 16:31:47 commit index is 20
2022/08/02 16:31:47 loop is 0
2022/08/02 16:31:47 log is {500 2 22}
2022/08/02 16:31:47 leader 0 logs are [{<nil> 0 0} {1 1 1} {101 1 2} {102 1 3} {100 1 4} {103 1 5} {2 1 6} {201 1 7} {200 1 8} {202 1 9} {203 1 10} {3 1 11} {300 1 12} {301 1 13} {302 1 14} {303 1 15} {4 1 16} {400 1 17} {401 1 18} {402 1 19} {403 1 20} {5 2 21} {500 2 22}]
2022/08/02 16:31:47 当前index是: 22
2022/08/02 16:31:47 loop is 0
2022/08/02 16:31:47 log is {501 2 23}
2022/08/02 16:31:47 leader 0 logs are [{<nil> 0 0} {1 1 1} {101 1 2} {102 1 3} {100 1 4} {103 1 5} {2 1 6} {201 1 7} {200 1 8} {202 1 9} {203 1 10} {3 1 11} {300 1 12} {301 1 13} {302 1 14} {303 1 15} {4 1 16} {400 1 17} {401 1 18} {402 1 19} {403 1 20} {5 2 21} {500 2 22} {501 2 23}]
2022/08/02 16:31:47 当前index是: 23
2022/08/02 16:31:47 loop is 0
2022/08/02 16:31:47 log is {502 2 24}
2022/08/02 16:31:47 leader 0 logs are [{<nil> 0 0} {1 1 1} {101 1 2} {102 1 3} {100 1 4} {103 1 5} {2 1 6} {201 1 7} {200 1 8} {202 1 9} {203 1 10} {3 1 11} {300 1 12} {301 1 13} {302 1 14} {303 1 15} {4 1 16} {400 1 17} {401 1 18} {402 1 19} {403 1 20} {5 2 21} {500 2 22} {501 2 23} {502 2 24}]
2022/08/02 16:31:47 当前index是: 24
2022/08/02 16:31:47 loop is 0
2022/08/02 16:31:47 log is {503 2 25}
2022/08/02 16:31:47 leader 0 logs are [{<nil> 0 0} {1 1 1} {101 1 2} {102 1 3} {100 1 4} {103 1 5} {2 1 6} {201 1 7} {200 1 8} {202 1 9} {203 1 10} {3 1 11} {300 1 12} {301 1 13} {302 1 14} {303 1 15} {4 1 16} {400 1 17} {401 1 18} {402 1 19} {403 1 20} {5 2 21} {500 2 22} {501 2 23} {502 2 24} {503 2 25}]
2022/08/02 16:31:47 当前index是: 25
2022/08/02 16:31:47 server 3 在term 3 当选为leader
2022/08/02 16:31:47 server 2 在term 4 当选为leader
2022/08/02 16:31:48 server 2 在term 5 当选为leader
2022/08/02 16:31:49 server 2 在term 7 当选为leader
2022/08/02 16:31:49 loop is 1
2022/08/02 16:31:49 log is {5 8 7}
2022/08/02 16:31:49 leader 2 logs are [{<nil> 0 0} {1 1 1} {101 1 2} {102 1 3} {100 1 4} {103 1 5} {2 1 6} {5 8 7}]
2022/08/02 16:31:49 当前index是: 7
2022/08/02 16:31:49 loop is 1
2022/08/02 16:31:49 log is {501 8 8}
2022/08/02 16:31:49 leader 2 logs are [{<nil> 0 0} {1 1 1} {101 1 2} {102 1 3} {100 1 4} {103 1 5} {2 1 6} {5 8 7} {501 8 8}]
2022/08/02 16:31:49 当前index是: 8
2022/08/02 16:31:49 server 4 logs are [{<nil> 0 0} {1 1 1} {101 1 2} {102 1 3} {100 1 4} {103 1 5} {2 1 6} {5 8 7} {200 1 8}]
2022/08/02 16:31:49 server 3 logs are [{<nil> 0 0} {1 1 1} {101 1 2} {102 1 3} {100 1 4} {103 1 5} {2 1 6} {5 8 7} {200 1 8} {202 1 9} {203 1 10}]
2022/08/02 16:31:49 loop is 1
2022/08/02 16:31:49 log is {503 8 9}
2022/08/02 16:31:49 leader 2 logs are [{<nil> 0 0} {1 1 1} {101 1 2} {102 1 3} {100 1 4} {103 1 5} {2 1 6} {5 8 7} {501 8 8} {503 8 9}]
2022/08/02 16:31:49 当前index是: 9
2022/08/02 16:31:49 loop is 1
2022/08/02 16:31:49 log is {502 8 10}
2022/08/02 16:31:49 leader 2 logs are [{<nil> 0 0} {1 1 1} {101 1 2} {102 1 3} {100 1 4} {103 1 5} {2 1 6} {5 8 7} {501 8 8} {503 8 9} {502 8 10}]
2022/08/02 16:31:49 当前index是: 10
2022/08/02 16:31:49 loop is 1
2022/08/02 16:31:49 log is {500 8 11}
2022/08/02 16:31:49 leader 2 logs are [{<nil> 0 0} {1 1 1} {101 1 2} {102 1 3} {100 1 4} {103 1 5} {2 1 6} {5 8 7} {501 8 8} {503 8 9} {502 8 10} {500 8 11}]
2022/08/02 16:31:49 当前index是: 11
2022/08/02 16:31:49 server 0 logs are [{<nil> 0 0} {1 1 1} {101 1 2} {102 1 3} {100 1 4} {103 1 5} {2 1 6} {5 8 7} {200 1 8} {202 1 9} {203 1 10} {3 1 11} {300 1 12} {301 1 13} {302 1 14} {303 1 15} {4 1 16} {400 1 17} {401 1 18} {402 1 19} {403 1 20} {5 2 21} {500 2 22} {501 2 23} {502 2 24} {503 2 25}]
2022/08/02 16:31:49 server 2 log length is 12, commit index is 0, args index is 8
2022/08/02 16:31:49 server 2 receive commit
2022/08/02 16:31:49 server 2 log length is 12, commit index is 1, args index is 8
2022/08/02 16:31:49 server 2 receive commit
2022/08/02 16:31:49 server 2 log length is 12, commit index is 2, args index is 8
2022/08/02 16:31:49 server 2 receive commit
2022/08/02 16:31:49 server 2 log length is 12, commit index is 3, args index is 8
2022/08/02 16:31:49 server 2 receive commit
2022/08/02 16:31:49 server 2 log length is 12, commit index is 4, args index is 8
2022/08/02 16:31:49 server 2 receive commit
2022/08/02 16:31:49 server 2 log length is 12, commit index is 5, args index is 8
2022/08/02 16:31:49 server 2 receive commit
2022/08/02 16:31:49 server 2 log length is 12, commit index is 6, args index is 8
2022/08/02 16:31:49 server 2 receive commit
2022/08/02 16:31:49 server 2 log length is 12, commit index is 7, args index is 8
2022/08/02 16:31:49 server 2 receive commit
2022/08/02 16:31:49 2: log map[1:1 2:101 3:102 4:100 5:103 6:2]; server map[1:1 2:101 3:102 4:100 5:103 6:2 7:201 8:200 9:202 10:203 11:3 12:300 13:301 14:302 15:303 16:4 17:400 18:401 19:402 20:403]
2022/08/02 16:31:49 apply error: commit index=7 server=2 5 != server=0 201
exit status 1
FAIL	6.824/raft	2.803s
2022/08/02 16:31:49 
2022/08/02 16:31:49 
2022/08/02 16:31:49 
2022/08/02 16:31:49 
2022/08/02 16:31:49 
Test (2C): Figure 8 (unreliable) ...
2022/08/02 16:31:49 loop is 0
2022/08/02 16:31:49 log is {6479 1 1}
2022/08/02 16:31:49 leader 0 logs are [{<nil> 0 0} {6479 1 1}]
2022/08/02 16:31:49 当前index是: 1
2022/08/02 16:31:49 server 1 logs are [{<nil> 0 0} {6479 1 1}]
2022/08/02 16:31:49 server 2 logs are [{<nil> 0 0} {6479 1 1}]
2022/08/02 16:31:50 server 2 logs are [{<nil> 0 0} {6479 1 1}]
2022/08/02 16:31:50 server 0 log length is 2, commit index is 0, args index is 1
2022/08/02 16:31:50 server 0 receive commit
2022/08/02 16:31:50 server 2 log length is 2, commit index is 0, args index is 1
2022/08/02 16:31:50 server 2 receive commit
2022/08/02 16:31:50 server 3 logs are [{<nil> 0 0} {6479 1 1}]
2022/08/02 16:31:50 server 1 log length is 2, commit index is 0, args index is 1
2022/08/02 16:31:50 server 1 receive commit
2022/08/02 16:31:50 commit index is 1
2022/08/02 16:31:50 log is {8146 1 2}
2022/08/02 16:31:50 leader 0 logs are [{<nil> 0 0} {6479 1 1} {8146 1 2}]
2022/08/02 16:31:50 log is {1091 1 3}
2022/08/02 16:31:50 leader 0 logs are [{<nil> 0 0} {6479 1 1} {8146 1 2} {1091 1 3}]
2022/08/02 16:31:50 server 4 logs are [{<nil> 0 0} {6479 1 1}]
2022/08/02 16:31:50 server 4 log length is 2, commit index is 0, args index is 1
2022/08/02 16:31:50 server 4 receive commit
2022/08/02 16:31:50 server 3 log length is 2, commit index is 0, args index is 1
2022/08/02 16:31:50 server 3 receive commit
2022/08/02 16:31:50 log is {8869 1 4}
2022/08/02 16:31:50 leader 0 logs are [{<nil> 0 0} {6479 1 1} {8146 1 2} {1091 1 3} {8869 1 4}]
2022/08/02 16:31:50 log is {9219 1 5}
2022/08/02 16:31:50 leader 0 logs are [{<nil> 0 0} {6479 1 1} {8146 1 2} {1091 1 3} {8869 1 4} {9219 1 5}]
2022/08/02 16:31:50 server 1 logs are [{<nil> 0 0} {6479 1 1} {8146 1 2}]
2022/08/02 16:31:50 server 4 logs are [{<nil> 0 0} {6479 1 1} {8146 1 2}]
2022/08/02 16:31:50 log is {4156 1 6}
2022/08/02 16:31:50 leader 0 logs are [{<nil> 0 0} {6479 1 1} {8146 1 2} {1091 1 3} {8869 1 4} {9219 1 5} {4156 1 6}]
2022/08/02 16:31:50 server 3 logs are [{<nil> 0 0} {6479 1 1} {8146 1 2}]
2022/08/02 16:31:50 log is {5588 1 7}
2022/08/02 16:31:50 leader 0 logs are [{<nil> 0 0} {6479 1 1} {8146 1 2} {1091 1 3} {8869 1 4} {9219 1 5} {4156 1 6} {5588 1 7}]
2022/08/02 16:31:50 log is {8922 1 8}
2022/08/02 16:31:50 leader 0 logs are [{<nil> 0 0} {6479 1 1} {8146 1 2} {1091 1 3} {8869 1 4} {9219 1 5} {4156 1 6} {5588 1 7} {8922 1 8}]
2022/08/02 16:31:50 server 1 logs are [{<nil> 0 0} {6479 1 1} {8146 1 2}]
2022/08/02 16:31:50 server 4 logs are [{<nil> 0 0} {6479 1 1} {8146 1 2}]
2022/08/02 16:31:50 log is {234 1 9}
2022/08/02 16:31:50 leader 0 logs are [{<nil> 0 0} {6479 1 1} {8146 1 2} {1091 1 3} {8869 1 4} {9219 1 5} {4156 1 6} {5588 1 7} {8922 1 8} {234 1 9}]
2022/08/02 16:31:50 log is {8282 1 10}
2022/08/02 16:31:50 leader 0 logs are [{<nil> 0 0} {6479 1 1} {8146 1 2} {1091 1 3} {8869 1 4} {9219 1 5} {4156 1 6} {5588 1 7} {8922 1 8} {234 1 9} {8282 1 10}]
2022/08/02 16:31:50 log is {924 1 11}
2022/08/02 16:31:50 leader 0 logs are [{<nil> 0 0} {6479 1 1} {8146 1 2} {1091 1 3} {8869 1 4} {9219 1 5} {4156 1 6} {5588 1 7} {8922 1 8} {234 1 9} {8282 1 10} {924 1 11}]
2022/08/02 16:31:50 log is {807 1 12}
2022/08/02 16:31:50 leader 0 logs are [{<nil> 0 0} {6479 1 1} {8146 1 2} {1091 1 3} {8869 1 4} {9219 1 5} {4156 1 6} {5588 1 7} {8922 1 8} {234 1 9} {8282 1 10} {924 1 11} {807 1 12}]
2022/08/02 16:31:50 log is {5081 1 13}
2022/08/02 16:31:50 leader 0 logs are [{<nil> 0 0} {6479 1 1} {8146 1 2} {1091 1 3} {8869 1 4} {9219 1 5} {4156 1 6} {5588 1 7} {8922 1 8} {234 1 9} {8282 1 10} {924 1 11} {807 1 12} {5081 1 13}]
2022/08/02 16:31:50 log is {7262 1 14}
2022/08/02 16:31:50 leader 0 logs are [{<nil> 0 0} {6479 1 1} {8146 1 2} {1091 1 3} {8869 1 4} {9219 1 5} {4156 1 6} {5588 1 7} {8922 1 8} {234 1 9} {8282 1 10} {924 1 11} {807 1 12} {5081 1 13} {7262 1 14}]
2022/08/02 16:31:50 log is {7249 1 15}
2022/08/02 16:31:50 leader 0 logs are [{<nil> 0 0} {6479 1 1} {8146 1 2} {1091 1 3} {8869 1 4} {9219 1 5} {4156 1 6} {5588 1 7} {8922 1 8} {234 1 9} {8282 1 10} {924 1 11} {807 1 12} {5081 1 13} {7262 1 14} {7249 1 15}]
2022/08/02 16:31:50 log is {2945 1 16}
2022/08/02 16:31:50 leader 0 logs are [{<nil> 0 0} {6479 1 1} {8146 1 2} {1091 1 3} {8869 1 4} {9219 1 5} {4156 1 6} {5588 1 7} {8922 1 8} {234 1 9} {8282 1 10} {924 1 11} {807 1 12} {5081 1 13} {7262 1 14} {7249 1 15} {2945 1 16}]
2022/08/02 16:31:50 log is {3014 1 17}
2022/08/02 16:31:50 leader 0 logs are [{<nil> 0 0} {6479 1 1} {8146 1 2} {1091 1 3} {8869 1 4} {9219 1 5} {4156 1 6} {5588 1 7} {8922 1 8} {234 1 9} {8282 1 10} {924 1 11} {807 1 12} {5081 1 13} {7262 1 14} {7249 1 15} {2945 1 16} {3014 1 17}]
2022/08/02 16:31:50 log is {6799 1 18}
2022/08/02 16:31:50 leader 0 logs are [{<nil> 0 0} {6479 1 1} {8146 1 2} {1091 1 3} {8869 1 4} {9219 1 5} {4156 1 6} {5588 1 7} {8922 1 8} {234 1 9} {8282 1 10} {924 1 11} {807 1 12} {5081 1 13} {7262 1 14} {7249 1 15} {2945 1 16} {3014 1 17} {6799 1 18}]
2022/08/02 16:31:50 log is {8986 1 19}
2022/08/02 16:31:50 leader 0 logs are [{<nil> 0 0} {6479 1 1} {8146 1 2} {1091 1 3} {8869 1 4} {9219 1 5} {4156 1 6} {5588 1 7} {8922 1 8} {234 1 9} {8282 1 10} {924 1 11} {807 1 12} {5081 1 13} {7262 1 14} {7249 1 15} {2945 1 16} {3014 1 17} {6799 1 18} {8986 1 19}]
2022/08/02 16:31:50 log is {2437 1 20}
2022/08/02 16:31:50 leader 0 logs are [{<nil> 0 0} {6479 1 1} {8146 1 2} {1091 1 3} {8869 1 4} {9219 1 5} {4156 1 6} {5588 1 7} {8922 1 8} {234 1 9} {8282 1 10} {924 1 11} {807 1 12} {5081 1 13} {7262 1 14} {7249 1 15} {2945 1 16} {3014 1 17} {6799 1 18} {8986 1 19} {2437 1 20}]
2022/08/02 16:31:50 log is {1807 1 21}
2022/08/02 16:31:50 leader 0 logs are [{<nil> 0 0} {6479 1 1} {8146 1 2} {1091 1 3} {8869 1 4} {9219 1 5} {4156 1 6} {5588 1 7} {8922 1 8} {234 1 9} {8282 1 10} {924 1 11} {807 1 12} {5081 1 13} {7262 1 14} {7249 1 15} {2945 1 16} {3014 1 17} {6799 1 18} {8986 1 19} {2437 1 20} {1807 1 21}]
2022/08/02 16:31:50 log is {4882 1 22}
2022/08/02 16:31:50 leader 0 logs are [{<nil> 0 0} {6479 1 1} {8146 1 2} {1091 1 3} {8869 1 4} {9219 1 5} {4156 1 6} {5588 1 7} {8922 1 8} {234 1 9} {8282 1 10} {924 1 11} {807 1 12} {5081 1 13} {7262 1 14} {7249 1 15} {2945 1 16} {3014 1 17} {6799 1 18} {8986 1 19} {2437 1 20} {1807 1 21} {4882 1 22}]
2022/08/02 16:31:50 log is {6769 1 23}
2022/08/02 16:31:50 leader 0 logs are [{<nil> 0 0} {6479 1 1} {8146 1 2} {1091 1 3} {8869 1 4} {9219 1 5} {4156 1 6} {5588 1 7} {8922 1 8} {234 1 9} {8282 1 10} {924 1 11} {807 1 12} {5081 1 13} {7262 1 14} {7249 1 15} {2945 1 16} {3014 1 17} {6799 1 18} {8986 1 19} {2437 1 20} {1807 1 21} {4882 1 22} {6769 1 23}]
2022/08/02 16:31:50 log is {6655 1 24}
2022/08/02 16:31:50 leader 0 logs are [{<nil> 0 0} {6479 1 1} {8146 1 2} {1091 1 3} {8869 1 4} {9219 1 5} {4156 1 6} {5588 1 7} {8922 1 8} {234 1 9} {8282 1 10} {924 1 11} {807 1 12} {5081 1 13} {7262 1 14} {7249 1 15} {2945 1 16} {3014 1 17} {6799 1 18} {8986 1 19} {2437 1 20} {1807 1 21} {4882 1 22} {6769 1 23} {6655 1 24}]
2022/08/02 16:31:50 log is {5954 1 25}
2022/08/02 16:31:50 leader 0 logs are [{<nil> 0 0} {6479 1 1} {8146 1 2} {1091 1 3} {8869 1 4} {9219 1 5} {4156 1 6} {5588 1 7} {8922 1 8} {234 1 9} {8282 1 10} {924 1 11} {807 1 12} {5081 1 13} {7262 1 14} {7249 1 15} {2945 1 16} {3014 1 17} {6799 1 18} {8986 1 19} {2437 1 20} {1807 1 21} {4882 1 22} {6769 1 23} {6655 1 24} {5954 1 25}]
2022/08/02 16:31:50 log is {4236 1 26}
2022/08/02 16:31:50 leader 0 logs are [{<nil> 0 0} {6479 1 1} {8146 1 2} {1091 1 3} {8869 1 4} {9219 1 5} {4156 1 6} {5588 1 7} {8922 1 8} {234 1 9} {8282 1 10} {924 1 11} {807 1 12} {5081 1 13} {7262 1 14} {7249 1 15} {2945 1 16} {3014 1 17} {6799 1 18} {8986 1 19} {2437 1 20} {1807 1 21} {4882 1 22} {6769 1 23} {6655 1 24} {5954 1 25} {4236 1 26}]
2022/08/02 16:31:50 log is {4722 1 27}
2022/08/02 16:31:50 leader 0 logs are [{<nil> 0 0} {6479 1 1} {8146 1 2} {1091 1 3} {8869 1 4} {9219 1 5} {4156 1 6} {5588 1 7} {8922 1 8} {234 1 9} {8282 1 10} {924 1 11} {807 1 12} {5081 1 13} {7262 1 14} {7249 1 15} {2945 1 16} {3014 1 17} {6799 1 18} {8986 1 19} {2437 1 20} {1807 1 21} {4882 1 22} {6769 1 23} {6655 1 24} {5954 1 25} {4236 1 26} {4722 1 27}]
2022/08/02 16:31:50 server 2 在term 2 当选为leader
2022/08/02 16:31:50 server 1 在term 2 当选为leader
2022/08/02 16:31:50 log is {6550 1 28}
2022/08/02 16:31:50 leader 0 logs are [{<nil> 0 0} {6479 1 1} {8146 1 2} {1091 1 3} {8869 1 4} {9219 1 5} {4156 1 6} {5588 1 7} {8922 1 8} {234 1 9} {8282 1 10} {924 1 11} {807 1 12} {5081 1 13} {7262 1 14} {7249 1 15} {2945 1 16} {3014 1 17} {6799 1 18} {8986 1 19} {2437 1 20} {1807 1 21} {4882 1 22} {6769 1 23} {6655 1 24} {5954 1 25} {4236 1 26} {4722 1 27} {6550 1 28}]
2022/08/02 16:31:50 log is {2531 2 3}
2022/08/02 16:31:50 leader 1 logs are [{<nil> 0 0} {6479 1 1} {8146 1 2} {2531 2 3}]
2022/08/02 16:31:50 log is {4921 2 2}
2022/08/02 16:31:50 leader 2 logs are [{<nil> 0 0} {6479 1 1} {4921 2 2}]
2022/08/02 16:31:50 log is {6283 1 29}
2022/08/02 16:31:50 leader 0 logs are [{<nil> 0 0} {6479 1 1} {8146 1 2} {1091 1 3} {8869 1 4} {9219 1 5} {4156 1 6} {5588 1 7} {8922 1 8} {234 1 9} {8282 1 10} {924 1 11} {807 1 12} {5081 1 13} {7262 1 14} {7249 1 15} {2945 1 16} {3014 1 17} {6799 1 18} {8986 1 19} {2437 1 20} {1807 1 21} {4882 1 22} {6769 1 23} {6655 1 24} {5954 1 25} {4236 1 26} {4722 1 27} {6550 1 28} {6283 1 29}]
2022/08/02 16:31:50 log is {2678 2 4}
2022/08/02 16:31:50 leader 1 logs are [{<nil> 0 0} {6479 1 1} {8146 1 2} {2531 2 3} {2678 2 4}]
2022/08/02 16:31:50 log is {438 2 3}
2022/08/02 16:31:50 leader 2 logs are [{<nil> 0 0} {6479 1 1} {4921 2 2} {438 2 3}]
2022/08/02 16:31:50 log is {7821 1 30}
2022/08/02 16:31:50 leader 0 logs are [{<nil> 0 0} {6479 1 1} {8146 1 2} {1091 1 3} {8869 1 4} {9219 1 5} {4156 1 6} {5588 1 7} {8922 1 8} {234 1 9} {8282 1 10} {924 1 11} {807 1 12} {5081 1 13} {7262 1 14} {7249 1 15} {2945 1 16} {3014 1 17} {6799 1 18} {8986 1 19} {2437 1 20} {1807 1 21} {4882 1 22} {6769 1 23} {6655 1 24} {5954 1 25} {4236 1 26} {4722 1 27} {6550 1 28} {6283 1 29} {7821 1 30}]
2022/08/02 16:31:50 log is {9636 2 5}
2022/08/02 16:31:50 leader 1 logs are [{<nil> 0 0} {6479 1 1} {8146 1 2} {2531 2 3} {2678 2 4} {9636 2 5}]
2022/08/02 16:31:50 log is {7713 2 4}
2022/08/02 16:31:50 leader 2 logs are [{<nil> 0 0} {6479 1 1} {4921 2 2} {438 2 3} {7713 2 4}]
2022/08/02 16:31:50 log is {8485 1 31}
2022/08/02 16:31:50 leader 0 logs are [{<nil> 0 0} {6479 1 1} {8146 1 2} {1091 1 3} {8869 1 4} {9219 1 5} {4156 1 6} {5588 1 7} {8922 1 8} {234 1 9} {8282 1 10} {924 1 11} {807 1 12} {5081 1 13} {7262 1 14} {7249 1 15} {2945 1 16} {3014 1 17} {6799 1 18} {8986 1 19} {2437 1 20} {1807 1 21} {4882 1 22} {6769 1 23} {6655 1 24} {5954 1 25} {4236 1 26} {4722 1 27} {6550 1 28} {6283 1 29} {7821 1 30} {8485 1 31}]
2022/08/02 16:31:50 log is {5568 2 6}
2022/08/02 16:31:50 leader 1 logs are [{<nil> 0 0} {6479 1 1} {8146 1 2} {2531 2 3} {2678 2 4} {9636 2 5} {5568 2 6}]
2022/08/02 16:31:50 log is {8358 2 5}
2022/08/02 16:31:50 leader 2 logs are [{<nil> 0 0} {6479 1 1} {4921 2 2} {438 2 3} {7713 2 4} {8358 2 5}]
2022/08/02 16:31:50 server 2 logs are [{<nil> 0 0} {6479 1 1} {4921 2 2} {2531 2 3} {7713 2 4} {8358 2 5}]
2022/08/02 16:31:50 server 2 logs are [{<nil> 0 0} {6479 1 1} {4921 2 2} {2531 2 3} {2678 2 4} {8358 2 5}]
2022/08/02 16:31:50 log is {57 1 32}
2022/08/02 16:31:50 leader 0 logs are [{<nil> 0 0} {6479 1 1} {8146 1 2} {1091 1 3} {8869 1 4} {9219 1 5} {4156 1 6} {5588 1 7} {8922 1 8} {234 1 9} {8282 1 10} {924 1 11} {807 1 12} {5081 1 13} {7262 1 14} {7249 1 15} {2945 1 16} {3014 1 17} {6799 1 18} {8986 1 19} {2437 1 20} {1807 1 21} {4882 1 22} {6769 1 23} {6655 1 24} {5954 1 25} {4236 1 26} {4722 1 27} {6550 1 28} {6283 1 29} {7821 1 30} {8485 1 31} {57 1 32}]
2022/08/02 16:31:50 log is {4440 2 6}
2022/08/02 16:31:50 leader 2 logs are [{<nil> 0 0} {6479 1 1} {4921 2 2} {2531 2 3} {2678 2 4} {8358 2 5} {4440 2 6}]
2022/08/02 16:31:50 server 4 在term 4 当选为leader
2022/08/02 16:31:50 log is {3492 1 33}
2022/08/02 16:31:50 leader 0 logs are [{<nil> 0 0} {6479 1 1} {8146 1 2} {1091 1 3} {8869 1 4} {9219 1 5} {4156 1 6} {5588 1 7} {8922 1 8} {234 1 9} {8282 1 10} {924 1 11} {807 1 12} {5081 1 13} {7262 1 14} {7249 1 15} {2945 1 16} {3014 1 17} {6799 1 18} {8986 1 19} {2437 1 20} {1807 1 21} {4882 1 22} {6769 1 23} {6655 1 24} {5954 1 25} {4236 1 26} {4722 1 27} {6550 1 28} {6283 1 29} {7821 1 30} {8485 1 31} {57 1 32} {3492 1 33}]
2022/08/02 16:31:50 log is {9639 4 7}
2022/08/02 16:31:50 leader 2 logs are [{<nil> 0 0} {6479 1 1} {4921 2 2} {2531 2 3} {2678 2 4} {8358 2 5} {4440 2 6} {9639 4 7}]
2022/08/02 16:31:50 log is {6333 4 3}
2022/08/02 16:31:50 leader 4 logs are [{<nil> 0 0} {6479 1 1} {8146 1 2} {6333 4 3}]
2022/08/02 16:31:50 log is {9732 1 34}
2022/08/02 16:31:50 leader 0 logs are [{<nil> 0 0} {6479 1 1} {8146 1 2} {1091 1 3} {8869 1 4} {9219 1 5} {4156 1 6} {5588 1 7} {8922 1 8} {234 1 9} {8282 1 10} {924 1 11} {807 1 12} {5081 1 13} {7262 1 14} {7249 1 15} {2945 1 16} {3014 1 17} {6799 1 18} {8986 1 19} {2437 1 20} {1807 1 21} {4882 1 22} {6769 1 23} {6655 1 24} {5954 1 25} {4236 1 26} {4722 1 27} {6550 1 28} {6283 1 29} {7821 1 30} {8485 1 31} {57 1 32} {3492 1 33} {9732 1 34}]
2022/08/02 16:31:50 log is {3036 4 8}
2022/08/02 16:31:50 leader 2 logs are [{<nil> 0 0} {6479 1 1} {4921 2 2} {2531 2 3} {2678 2 4} {8358 2 5} {4440 2 6} {9639 4 7} {3036 4 8}]
2022/08/02 16:31:50 log is {8053 4 4}
2022/08/02 16:31:50 leader 4 logs are [{<nil> 0 0} {6479 1 1} {8146 1 2} {6333 4 3} {8053 4 4}]
labgob warning: Decoding into a non-default variable/field Term may not work
2022/08/02 16:31:50 server 1 logs are [{<nil> 0 0} {6479 1 1} {8146 1 2} {2531 2 3} {2678 2 4} {9636 2 5} {5568 2 6} {9639 4 7}]
2022/08/02 16:31:50 log is {2400 1 35}
2022/08/02 16:31:50 leader 0 logs are [{<nil> 0 0} {6479 1 1} {8146 1 2} {1091 1 3} {8869 1 4} {9219 1 5} {4156 1 6} {5588 1 7} {8922 1 8} {234 1 9} {8282 1 10} {924 1 11} {807 1 12} {5081 1 13} {7262 1 14} {7249 1 15} {2945 1 16} {3014 1 17} {6799 1 18} {8986 1 19} {2437 1 20} {1807 1 21} {4882 1 22} {6769 1 23} {6655 1 24} {5954 1 25} {4236 1 26} {4722 1 27} {6550 1 28} {6283 1 29} {7821 1 30} {8485 1 31} {57 1 32} {3492 1 33} {9732 1 34} {2400 1 35}]
2022/08/02 16:31:50 log is {6344 4 9}
2022/08/02 16:31:50 leader 2 logs are [{<nil> 0 0} {6479 1 1} {4921 2 2} {2531 2 3} {2678 2 4} {8358 2 5} {4440 2 6} {9639 4 7} {3036 4 8} {6344 4 9}]
2022/08/02 16:31:50 log is {2549 4 5}
2022/08/02 16:31:50 leader 4 logs are [{<nil> 0 0} {6479 1 1} {8146 1 2} {6333 4 3} {8053 4 4} {2549 4 5}]
2022/08/02 16:31:50 log is {826 1 36}
2022/08/02 16:31:50 leader 0 logs are [{<nil> 0 0} {6479 1 1} {8146 1 2} {1091 1 3} {8869 1 4} {9219 1 5} {4156 1 6} {5588 1 7} {8922 1 8} {234 1 9} {8282 1 10} {924 1 11} {807 1 12} {5081 1 13} {7262 1 14} {7249 1 15} {2945 1 16} {3014 1 17} {6799 1 18} {8986 1 19} {2437 1 20} {1807 1 21} {4882 1 22} {6769 1 23} {6655 1 24} {5954 1 25} {4236 1 26} {4722 1 27} {6550 1 28} {6283 1 29} {7821 1 30} {8485 1 31} {57 1 32} {3492 1 33} {9732 1 34} {2400 1 35} {826 1 36}]
2022/08/02 16:31:50 log is {7221 4 10}
2022/08/02 16:31:50 leader 2 logs are [{<nil> 0 0} {6479 1 1} {4921 2 2} {2531 2 3} {2678 2 4} {8358 2 5} {4440 2 6} {9639 4 7} {3036 4 8} {6344 4 9} {7221 4 10}]
2022/08/02 16:31:50 log is {151 4 6}
2022/08/02 16:31:50 leader 4 logs are [{<nil> 0 0} {6479 1 1} {8146 1 2} {6333 4 3} {8053 4 4} {2549 4 5} {151 4 6}]
2022/08/02 16:31:50 server 1 logs are [{<nil> 0 0} {6479 1 1} {8146 1 2} {2531 2 3} {2678 2 4} {9636 2 5} {5568 2 6} {9639 4 7} {3036 4 8}]
2022/08/02 16:31:50 log is {3818 1 37}
2022/08/02 16:31:50 leader 0 logs are [{<nil> 0 0} {6479 1 1} {8146 1 2} {1091 1 3} {8869 1 4} {9219 1 5} {4156 1 6} {5588 1 7} {8922 1 8} {234 1 9} {8282 1 10} {924 1 11} {807 1 12} {5081 1 13} {7262 1 14} {7249 1 15} {2945 1 16} {3014 1 17} {6799 1 18} {8986 1 19} {2437 1 20} {1807 1 21} {4882 1 22} {6769 1 23} {6655 1 24} {5954 1 25} {4236 1 26} {4722 1 27} {6550 1 28} {6283 1 29} {7821 1 30} {8485 1 31} {57 1 32} {3492 1 33} {9732 1 34} {2400 1 35} {826 1 36} {3818 1 37}]
2022/08/02 16:31:50 log is {6109 4 11}
2022/08/02 16:31:50 leader 2 logs are [{<nil> 0 0} {6479 1 1} {4921 2 2} {2531 2 3} {2678 2 4} {8358 2 5} {4440 2 6} {9639 4 7} {3036 4 8} {6344 4 9} {7221 4 10} {6109 4 11}]
2022/08/02 16:31:50 log is {5895 4 7}
2022/08/02 16:31:50 leader 4 logs are [{<nil> 0 0} {6479 1 1} {8146 1 2} {6333 4 3} {8053 4 4} {2549 4 5} {151 4 6} {5895 4 7}]
2022/08/02 16:31:51 log is {8538 1 38}
2022/08/02 16:31:51 leader 0 logs are [{<nil> 0 0} {6479 1 1} {8146 1 2} {1091 1 3} {8869 1 4} {9219 1 5} {4156 1 6} {5588 1 7} {8922 1 8} {234 1 9} {8282 1 10} {924 1 11} {807 1 12} {5081 1 13} {7262 1 14} {7249 1 15} {2945 1 16} {3014 1 17} {6799 1 18} {8986 1 19} {2437 1 20} {1807 1 21} {4882 1 22} {6769 1 23} {6655 1 24} {5954 1 25} {4236 1 26} {4722 1 27} {6550 1 28} {6283 1 29} {7821 1 30} {8485 1 31} {57 1 32} {3492 1 33} {9732 1 34} {2400 1 35} {826 1 36} {3818 1 37} {8538 1 38}]
2022/08/02 16:31:51 log is {7201 4 12}
2022/08/02 16:31:51 leader 2 logs are [{<nil> 0 0} {6479 1 1} {4921 2 2} {2531 2 3} {2678 2 4} {8358 2 5} {4440 2 6} {9639 4 7} {3036 4 8} {6344 4 9} {7221 4 10} {6109 4 11} {7201 4 12}]
2022/08/02 16:31:51 log is {9318 4 8}
2022/08/02 16:31:51 leader 4 logs are [{<nil> 0 0} {6479 1 1} {8146 1 2} {6333 4 3} {8053 4 4} {2549 4 5} {151 4 6} {5895 4 7} {9318 4 8}]
2022/08/02 16:31:51 log is {6392 1 39}
2022/08/02 16:31:51 leader 0 logs are [{<nil> 0 0} {6479 1 1} {8146 1 2} {1091 1 3} {8869 1 4} {9219 1 5} {4156 1 6} {5588 1 7} {8922 1 8} {234 1 9} {8282 1 10} {924 1 11} {807 1 12} {5081 1 13} {7262 1 14} {7249 1 15} {2945 1 16} {3014 1 17} {6799 1 18} {8986 1 19} {2437 1 20} {1807 1 21} {4882 1 22} {6769 1 23} {6655 1 24} {5954 1 25} {4236 1 26} {4722 1 27} {6550 1 28} {6283 1 29} {7821 1 30} {8485 1 31} {57 1 32} {3492 1 33} {9732 1 34} {2400 1 35} {826 1 36} {3818 1 37} {8538 1 38} {6392 1 39}]
2022/08/02 16:31:51 log is {1357 4 13}
2022/08/02 16:31:51 leader 2 logs are [{<nil> 0 0} {6479 1 1} {4921 2 2} {2531 2 3} {2678 2 4} {8358 2 5} {4440 2 6} {9639 4 7} {3036 4 8} {6344 4 9} {7221 4 10} {6109 4 11} {7201 4 12} {1357 4 13}]
2022/08/02 16:31:51 log is {1178 4 9}
2022/08/02 16:31:51 leader 4 logs are [{<nil> 0 0} {6479 1 1} {8146 1 2} {6333 4 3} {8053 4 4} {2549 4 5} {151 4 6} {5895 4 7} {9318 4 8} {1178 4 9}]
2022/08/02 16:31:51 log is {1098 1 40}
2022/08/02 16:31:51 leader 0 logs are [{<nil> 0 0} {6479 1 1} {8146 1 2} {1091 1 3} {8869 1 4} {9219 1 5} {4156 1 6} {5588 1 7} {8922 1 8} {234 1 9} {8282 1 10} {924 1 11} {807 1 12} {5081 1 13} {7262 1 14} {7249 1 15} {2945 1 16} {3014 1 17} {6799 1 18} {8986 1 19} {2437 1 20} {1807 1 21} {4882 1 22} {6769 1 23} {6655 1 24} {5954 1 25} {4236 1 26} {4722 1 27} {6550 1 28} {6283 1 29} {7821 1 30} {8485 1 31} {57 1 32} {3492 1 33} {9732 1 34} {2400 1 35} {826 1 36} {3818 1 37} {8538 1 38} {6392 1 39} {1098 1 40}]
2022/08/02 16:31:51 log is {4546 4 14}
2022/08/02 16:31:51 leader 2 logs are [{<nil> 0 0} {6479 1 1} {4921 2 2} {2531 2 3} {2678 2 4} {8358 2 5} {4440 2 6} {9639 4 7} {3036 4 8} {6344 4 9} {7221 4 10} {6109 4 11} {7201 4 12} {1357 4 13} {4546 4 14}]
2022/08/02 16:31:51 log is {6386 4 10}
2022/08/02 16:31:51 leader 4 logs are [{<nil> 0 0} {6479 1 1} {8146 1 2} {6333 4 3} {8053 4 4} {2549 4 5} {151 4 6} {5895 4 7} {9318 4 8} {1178 4 9} {6386 4 10}]
2022/08/02 16:31:51 log is {2213 1 41}
2022/08/02 16:31:51 leader 0 logs are [{<nil> 0 0} {6479 1 1} {8146 1 2} {1091 1 3} {8869 1 4} {9219 1 5} {4156 1 6} {5588 1 7} {8922 1 8} {234 1 9} {8282 1 10} {924 1 11} {807 1 12} {5081 1 13} {7262 1 14} {7249 1 15} {2945 1 16} {3014 1 17} {6799 1 18} {8986 1 19} {2437 1 20} {1807 1 21} {4882 1 22} {6769 1 23} {6655 1 24} {5954 1 25} {4236 1 26} {4722 1 27} {6550 1 28} {6283 1 29} {7821 1 30} {8485 1 31} {57 1 32} {3492 1 33} {9732 1 34} {2400 1 35} {826 1 36} {3818 1 37} {8538 1 38} {6392 1 39} {1098 1 40} {2213 1 41}]
2022/08/02 16:31:51 log is {8585 4 15}
2022/08/02 16:31:51 leader 2 logs are [{<nil> 0 0} {6479 1 1} {4921 2 2} {2531 2 3} {2678 2 4} {8358 2 5} {4440 2 6} {9639 4 7} {3036 4 8} {6344 4 9} {7221 4 10} {6109 4 11} {7201 4 12} {1357 4 13} {4546 4 14} {8585 4 15}]
2022/08/02 16:31:51 log is {1829 4 11}
2022/08/02 16:31:51 leader 4 logs are [{<nil> 0 0} {6479 1 1} {8146 1 2} {6333 4 3} {8053 4 4} {2549 4 5} {151 4 6} {5895 4 7} {9318 4 8} {1178 4 9} {6386 4 10} {1829 4 11}]
2022/08/02 16:31:51 log is {2614 1 42}
2022/08/02 16:31:51 leader 0 logs are [{<nil> 0 0} {6479 1 1} {8146 1 2} {1091 1 3} {8869 1 4} {9219 1 5} {4156 1 6} {5588 1 7} {8922 1 8} {234 1 9} {8282 1 10} {924 1 11} {807 1 12} {5081 1 13} {7262 1 14} {7249 1 15} {2945 1 16} {3014 1 17} {6799 1 18} {8986 1 19} {2437 1 20} {1807 1 21} {4882 1 22} {6769 1 23} {6655 1 24} {5954 1 25} {4236 1 26} {4722 1 27} {6550 1 28} {6283 1 29} {7821 1 30} {8485 1 31} {57 1 32} {3492 1 33} {9732 1 34} {2400 1 35} {826 1 36} {3818 1 37} {8538 1 38} {6392 1 39} {1098 1 40} {2213 1 41} {2614 1 42}]
2022/08/02 16:31:51 log is {758 4 16}
2022/08/02 16:31:51 leader 2 logs are [{<nil> 0 0} {6479 1 1} {4921 2 2} {2531 2 3} {2678 2 4} {8358 2 5} {4440 2 6} {9639 4 7} {3036 4 8} {6344 4 9} {7221 4 10} {6109 4 11} {7201 4 12} {1357 4 13} {4546 4 14} {8585 4 15} {758 4 16}]
2022/08/02 16:31:51 log is {17 4 12}
2022/08/02 16:31:51 leader 4 logs are [{<nil> 0 0} {6479 1 1} {8146 1 2} {6333 4 3} {8053 4 4} {2549 4 5} {151 4 6} {5895 4 7} {9318 4 8} {1178 4 9} {6386 4 10} {1829 4 11} {17 4 12}]
2022/08/02 16:31:52 log is {2083 6 43}
2022/08/02 16:31:52 leader 0 logs are [{<nil> 0 0} {6479 1 1} {8146 1 2} {1091 1 3} {8869 1 4} {9219 1 5} {4156 1 6} {5588 1 7} {8922 1 8} {234 1 9} {8282 1 10} {924 1 11} {807 1 12} {5081 1 13} {7262 1 14} {7249 1 15} {2945 1 16} {3014 1 17} {6799 1 18} {8986 1 19} {2437 1 20} {1807 1 21} {4882 1 22} {6769 1 23} {6655 1 24} {5954 1 25} {4236 1 26} {4722 1 27} {6550 1 28} {6283 1 29} {7821 1 30} {8485 1 31} {57 1 32} {3492 1 33} {9732 1 34} {2400 1 35} {826 1 36} {3818 1 37} {8538 1 38} {6392 1 39} {1098 1 40} {2213 1 41} {2614 1 42} {2083 6 43}]
2022/08/02 16:31:52 log is {9515 4 17}
2022/08/02 16:31:52 leader 2 logs are [{<nil> 0 0} {6479 1 1} {4921 2 2} {2531 2 3} {2678 2 4} {8358 2 5} {4440 2 6} {9639 4 7} {3036 4 8} {6344 4 9} {7221 4 10} {6109 4 11} {7201 4 12} {1357 4 13} {4546 4 14} {8585 4 15} {758 4 16} {9515 4 17}]
2022/08/02 16:31:52 log is {7417 5 13}
2022/08/02 16:31:52 server 1 在term 8 当选为leader
2022/08/02 16:31:52 leader 4 logs are [{<nil> 0 0} {6479 1 1} {8146 1 2} {6333 4 3} {8053 4 4} {2549 4 5} {151 4 6} {5895 4 7} {9318 4 8} {1178 4 9} {6386 4 10} {1829 4 11} {17 4 12} {7417 5 13}]
2022/08/02 16:31:52 log is {3935 7 44}
2022/08/02 16:31:52 leader 0 logs are [{<nil> 0 0} {6479 1 1} {8146 1 2} {1091 1 3} {8869 1 4} {9219 1 5} {4156 1 6} {5588 1 7} {8922 1 8} {234 1 9} {8282 1 10} {924 1 11} {807 1 12} {5081 1 13} {7262 1 14} {7249 1 15} {2945 1 16} {3014 1 17} {6799 1 18} {8986 1 19} {2437 1 20} {1807 1 21} {4882 1 22} {6769 1 23} {6655 1 24} {5954 1 25} {4236 1 26} {4722 1 27} {6550 1 28} {6283 1 29} {7821 1 30} {8485 1 31} {57 1 32} {3492 1 33} {9732 1 34} {2400 1 35} {826 1 36} {3818 1 37} {8538 1 38} {6392 1 39} {1098 1 40} {2213 1 41} {2614 1 42} {2083 6 43} {3935 7 44}]
2022/08/02 16:31:52 log is {8953 8 9}
2022/08/02 16:31:52 leader 1 logs are [{<nil> 0 0} {6479 1 1} {8146 1 2} {2531 2 3} {2678 2 4} {9636 2 5} {5568 2 6} {9639 4 7} {3036 4 8} {8953 8 9}]
2022/08/02 16:31:52 log is {6553 5 18}
2022/08/02 16:31:52 leader 2 logs are [{<nil> 0 0} {6479 1 1} {4921 2 2} {2531 2 3} {2678 2 4} {8358 2 5} {4440 2 6} {9639 4 7} {3036 4 8} {6344 4 9} {7221 4 10} {6109 4 11} {7201 4 12} {1357 4 13} {4546 4 14} {8585 4 15} {758 4 16} {9515 4 17} {6553 5 18}]
2022/08/02 16:31:52 log is {9309 6 14}
2022/08/02 16:31:52 leader 4 logs are [{<nil> 0 0} {6479 1 1} {8146 1 2} {6333 4 3} {8053 4 4} {2549 4 5} {151 4 6} {5895 4 7} {9318 4 8} {1178 4 9} {6386 4 10} {1829 4 11} {17 4 12} {7417 5 13} {9309 6 14}]
2022/08/02 16:31:52 log is {8625 7 45}
2022/08/02 16:31:52 leader 0 logs are [{<nil> 0 0} {6479 1 1} {8146 1 2} {1091 1 3} {8869 1 4} {9219 1 5} {4156 1 6} {5588 1 7} {8922 1 8} {234 1 9} {8282 1 10} {924 1 11} {807 1 12} {5081 1 13} {7262 1 14} {7249 1 15} {2945 1 16} {3014 1 17} {6799 1 18} {8986 1 19} {2437 1 20} {1807 1 21} {4882 1 22} {6769 1 23} {6655 1 24} {5954 1 25} {4236 1 26} {4722 1 27} {6550 1 28} {6283 1 29} {7821 1 30} {8485 1 31} {57 1 32} {3492 1 33} {9732 1 34} {2400 1 35} {826 1 36} {3818 1 37} {8538 1 38} {6392 1 39} {1098 1 40} {2213 1 41} {2614 1 42} {2083 6 43} {3935 7 44} {8625 7 45}]
2022/08/02 16:31:52 log is {1104 8 10}
2022/08/02 16:31:52 leader 1 logs are [{<nil> 0 0} {6479 1 1} {8146 1 2} {2531 2 3} {2678 2 4} {9636 2 5} {5568 2 6} {9639 4 7} {3036 4 8} {8953 8 9} {1104 8 10}]
2022/08/02 16:31:52 log is {9967 5 19}
2022/08/02 16:31:52 leader 2 logs are [{<nil> 0 0} {6479 1 1} {4921 2 2} {2531 2 3} {2678 2 4} {8358 2 5} {4440 2 6} {9639 4 7} {3036 4 8} {6344 4 9} {7221 4 10} {6109 4 11} {7201 4 12} {1357 4 13} {4546 4 14} {8585 4 15} {758 4 16} {9515 4 17} {6553 5 18} {9967 5 19}]
2022/08/02 16:31:52 log is {155 6 15}
2022/08/02 16:31:52 leader 4 logs are [{<nil> 0 0} {6479 1 1} {8146 1 2} {6333 4 3} {8053 4 4} {2549 4 5} {151 4 6} {5895 4 7} {9318 4 8} {1178 4 9} {6386 4 10} {1829 4 11} {17 4 12} {7417 5 13} {9309 6 14} {155 6 15}]
2022/08/02 16:31:53 log is {8402 7 46}
2022/08/02 16:31:53 leader 0 logs are [{<nil> 0 0} {6479 1 1} {8146 1 2} {1091 1 3} {8869 1 4} {9219 1 5} {4156 1 6} {5588 1 7} {8922 1 8} {234 1 9} {8282 1 10} {924 1 11} {807 1 12} {5081 1 13} {7262 1 14} {7249 1 15} {2945 1 16} {3014 1 17} {6799 1 18} {8986 1 19} {2437 1 20} {1807 1 21} {4882 1 22} {6769 1 23} {6655 1 24} {5954 1 25} {4236 1 26} {4722 1 27} {6550 1 28} {6283 1 29} {7821 1 30} {8485 1 31} {57 1 32} {3492 1 33} {9732 1 34} {2400 1 35} {826 1 36} {3818 1 37} {8538 1 38} {6392 1 39} {1098 1 40} {2213 1 41} {2614 1 42} {2083 6 43} {3935 7 44} {8625 7 45} {8402 7 46}]
2022/08/02 16:31:53 log is {3418 8 11}
2022/08/02 16:31:53 leader 1 logs are [{<nil> 0 0} {6479 1 1} {8146 1 2} {2531 2 3} {2678 2 4} {9636 2 5} {5568 2 6} {9639 4 7} {3036 4 8} {8953 8 9} {1104 8 10} {3418 8 11}]
2022/08/02 16:31:53 log is {7561 5 20}
2022/08/02 16:31:53 leader 2 logs are [{<nil> 0 0} {6479 1 1} {4921 2 2} {2531 2 3} {2678 2 4} {8358 2 5} {4440 2 6} {9639 4 7} {3036 4 8} {6344 4 9} {7221 4 10} {6109 4 11} {7201 4 12} {1357 4 13} {4546 4 14} {8585 4 15} {758 4 16} {9515 4 17} {6553 5 18} {9967 5 19} {7561 5 20}]
2022/08/02 16:31:53 log is {7233 6 16}
2022/08/02 16:31:53 leader 4 logs are [{<nil> 0 0} {6479 1 1} {8146 1 2} {6333 4 3} {8053 4 4} {2549 4 5} {151 4 6} {5895 4 7} {9318 4 8} {1178 4 9} {6386 4 10} {1829 4 11} {17 4 12} {7417 5 13} {9309 6 14} {155 6 15} {7233 6 16}]
2022/08/02 16:31:53 log is {6654 7 47}
2022/08/02 16:31:53 leader 0 logs are [{<nil> 0 0} {6479 1 1} {8146 1 2} {1091 1 3} {8869 1 4} {9219 1 5} {4156 1 6} {5588 1 7} {8922 1 8} {234 1 9} {8282 1 10} {924 1 11} {807 1 12} {5081 1 13} {7262 1 14} {7249 1 15} {2945 1 16} {3014 1 17} {6799 1 18} {8986 1 19} {2437 1 20} {1807 1 21} {4882 1 22} {6769 1 23} {6655 1 24} {5954 1 25} {4236 1 26} {4722 1 27} {6550 1 28} {6283 1 29} {7821 1 30} {8485 1 31} {57 1 32} {3492 1 33} {9732 1 34} {2400 1 35} {826 1 36} {3818 1 37} {8538 1 38} {6392 1 39} {1098 1 40} {2213 1 41} {2614 1 42} {2083 6 43} {3935 7 44} {8625 7 45} {8402 7 46} {6654 7 47}]
2022/08/02 16:31:53 log is {3277 8 12}
2022/08/02 16:31:53 leader 1 logs are [{<nil> 0 0} {6479 1 1} {8146 1 2} {2531 2 3} {2678 2 4} {9636 2 5} {5568 2 6} {9639 4 7} {3036 4 8} {8953 8 9} {1104 8 10} {3418 8 11} {3277 8 12}]
2022/08/02 16:31:53 log is {5164 5 21}
2022/08/02 16:31:53 leader 2 logs are [{<nil> 0 0} {6479 1 1} {4921 2 2} {2531 2 3} {2678 2 4} {8358 2 5} {4440 2 6} {9639 4 7} {3036 4 8} {6344 4 9} {7221 4 10} {6109 4 11} {7201 4 12} {1357 4 13} {4546 4 14} {8585 4 15} {758 4 16} {9515 4 17} {6553 5 18} {9967 5 19} {7561 5 20} {5164 5 21}]
2022/08/02 16:31:53 log is {4718 6 17}
2022/08/02 16:31:53 leader 4 logs are [{<nil> 0 0} {6479 1 1} {8146 1 2} {6333 4 3} {8053 4 4} {2549 4 5} {151 4 6} {5895 4 7} {9318 4 8} {1178 4 9} {6386 4 10} {1829 4 11} {17 4 12} {7417 5 13} {9309 6 14} {155 6 15} {7233 6 16} {4718 6 17}]
2022/08/02 16:31:53 log is {8700 7 48}
2022/08/02 16:31:53 leader 0 logs are [{<nil> 0 0} {6479 1 1} {8146 1 2} {1091 1 3} {8869 1 4} {9219 1 5} {4156 1 6} {5588 1 7} {8922 1 8} {234 1 9} {8282 1 10} {924 1 11} {807 1 12} {5081 1 13} {7262 1 14} {7249 1 15} {2945 1 16} {3014 1 17} {6799 1 18} {8986 1 19} {2437 1 20} {1807 1 21} {4882 1 22} {6769 1 23} {6655 1 24} {5954 1 25} {4236 1 26} {4722 1 27} {6550 1 28} {6283 1 29} {7821 1 30} {8485 1 31} {57 1 32} {3492 1 33} {9732 1 34} {2400 1 35} {826 1 36} {3818 1 37} {8538 1 38} {6392 1 39} {1098 1 40} {2213 1 41} {2614 1 42} {2083 6 43} {3935 7 44} {8625 7 45} {8402 7 46} {6654 7 47} {8700 7 48}]
2022/08/02 16:31:53 log is {1454 8 13}
2022/08/02 16:31:53 leader 1 logs are [{<nil> 0 0} {6479 1 1} {8146 1 2} {2531 2 3} {2678 2 4} {9636 2 5} {5568 2 6} {9639 4 7} {3036 4 8} {8953 8 9} {1104 8 10} {3418 8 11} {3277 8 12} {1454 8 13}]
2022/08/02 16:31:53 log is {3288 5 22}
2022/08/02 16:31:53 leader 2 logs are [{<nil> 0 0} {6479 1 1} {4921 2 2} {2531 2 3} {2678 2 4} {8358 2 5} {4440 2 6} {9639 4 7} {3036 4 8} {6344 4 9} {7221 4 10} {6109 4 11} {7201 4 12} {1357 4 13} {4546 4 14} {8585 4 15} {758 4 16} {9515 4 17} {6553 5 18} {9967 5 19} {7561 5 20} {5164 5 21} {3288 5 22}]
2022/08/02 16:31:53 log is {189 6 18}
2022/08/02 16:31:53 leader 4 logs are [{<nil> 0 0} {6479 1 1} {8146 1 2} {6333 4 3} {8053 4 4} {2549 4 5} {151 4 6} {5895 4 7} {9318 4 8} {1178 4 9} {6386 4 10} {1829 4 11} {17 4 12} {7417 5 13} {9309 6 14} {155 6 15} {7233 6 16} {4718 6 17} {189 6 18}]
2022/08/02 16:31:53 log is {8793 7 49}
2022/08/02 16:31:53 leader 0 logs are [{<nil> 0 0} {6479 1 1} {8146 1 2} {1091 1 3} {8869 1 4} {9219 1 5} {4156 1 6} {5588 1 7} {8922 1 8} {234 1 9} {8282 1 10} {924 1 11} {807 1 12} {5081 1 13} {7262 1 14} {7249 1 15} {2945 1 16} {3014 1 17} {6799 1 18} {8986 1 19} {2437 1 20} {1807 1 21} {4882 1 22} {6769 1 23} {6655 1 24} {5954 1 25} {4236 1 26} {4722 1 27} {6550 1 28} {6283 1 29} {7821 1 30} {8485 1 31} {57 1 32} {3492 1 33} {9732 1 34} {2400 1 35} {826 1 36} {3818 1 37} {8538 1 38} {6392 1 39} {1098 1 40} {2213 1 41} {2614 1 42} {2083 6 43} {3935 7 44} {8625 7 45} {8402 7 46} {6654 7 47} {8700 7 48} {8793 7 49}]
2022/08/02 16:31:53 log is {7589 8 14}
2022/08/02 16:31:53 leader 1 logs are [{<nil> 0 0} {6479 1 1} {8146 1 2} {2531 2 3} {2678 2 4} {9636 2 5} {5568 2 6} {9639 4 7} {3036 4 8} {8953 8 9} {1104 8 10} {3418 8 11} {3277 8 12} {1454 8 13} {7589 8 14}]
2022/08/02 16:31:53 log is {6254 5 23}
2022/08/02 16:31:53 leader 2 logs are [{<nil> 0 0} {6479 1 1} {4921 2 2} {2531 2 3} {2678 2 4} {8358 2 5} {4440 2 6} {9639 4 7} {3036 4 8} {6344 4 9} {7221 4 10} {6109 4 11} {7201 4 12} {1357 4 13} {4546 4 14} {8585 4 15} {758 4 16} {9515 4 17} {6553 5 18} {9967 5 19} {7561 5 20} {5164 5 21} {3288 5 22} {6254 5 23}]
2022/08/02 16:31:53 log is {7142 6 19}
2022/08/02 16:31:53 leader 4 logs are [{<nil> 0 0} {6479 1 1} {8146 1 2} {6333 4 3} {8053 4 4} {2549 4 5} {151 4 6} {5895 4 7} {9318 4 8} {1178 4 9} {6386 4 10} {1829 4 11} {17 4 12} {7417 5 13} {9309 6 14} {155 6 15} {7233 6 16} {4718 6 17} {189 6 18} {7142 6 19}]
2022/08/02 16:31:53 log is {9602 7 50}
2022/08/02 16:31:53 leader 0 logs are [{<nil> 0 0} {6479 1 1} {8146 1 2} {1091 1 3} {8869 1 4} {9219 1 5} {4156 1 6} {5588 1 7} {8922 1 8} {234 1 9} {8282 1 10} {924 1 11} {807 1 12} {5081 1 13} {7262 1 14} {7249 1 15} {2945 1 16} {3014 1 17} {6799 1 18} {8986 1 19} {2437 1 20} {1807 1 21} {4882 1 22} {6769 1 23} {6655 1 24} {5954 1 25} {4236 1 26} {4722 1 27} {6550 1 28} {6283 1 29} {7821 1 30} {8485 1 31} {57 1 32} {3492 1 33} {9732 1 34} {2400 1 35} {826 1 36} {3818 1 37} {8538 1 38} {6392 1 39} {1098 1 40} {2213 1 41} {2614 1 42} {2083 6 43} {3935 7 44} {8625 7 45} {8402 7 46} {6654 7 47} {8700 7 48} {8793 7 49} {9602 7 50}]
2022/08/02 16:31:53 log is {3428 8 15}
2022/08/02 16:31:53 leader 1 logs are [{<nil> 0 0} {6479 1 1} {8146 1 2} {2531 2 3} {2678 2 4} {9636 2 5} {5568 2 6} {9639 4 7} {3036 4 8} {8953 8 9} {1104 8 10} {3418 8 11} {3277 8 12} {1454 8 13} {7589 8 14} {3428 8 15}]
2022/08/02 16:31:53 log is {8442 5 24}
2022/08/02 16:31:53 leader 2 logs are [{<nil> 0 0} {6479 1 1} {4921 2 2} {2531 2 3} {2678 2 4} {8358 2 5} {4440 2 6} {9639 4 7} {3036 4 8} {6344 4 9} {7221 4 10} {6109 4 11} {7201 4 12} {1357 4 13} {4546 4 14} {8585 4 15} {758 4 16} {9515 4 17} {6553 5 18} {9967 5 19} {7561 5 20} {5164 5 21} {3288 5 22} {6254 5 23} {8442 5 24}]
2022/08/02 16:31:53 log is {5487 6 20}
2022/08/02 16:31:53 leader 4 logs are [{<nil> 0 0} {6479 1 1} {8146 1 2} {6333 4 3} {8053 4 4} {2549 4 5} {151 4 6} {5895 4 7} {9318 4 8} {1178 4 9} {6386 4 10} {1829 4 11} {17 4 12} {7417 5 13} {9309 6 14} {155 6 15} {7233 6 16} {4718 6 17} {189 6 18} {7142 6 19} {5487 6 20}]
2022/08/02 16:31:53 log is {3413 7 51}
2022/08/02 16:31:53 leader 0 logs are [{<nil> 0 0} {6479 1 1} {8146 1 2} {1091 1 3} {8869 1 4} {9219 1 5} {4156 1 6} {5588 1 7} {8922 1 8} {234 1 9} {8282 1 10} {924 1 11} {807 1 12} {5081 1 13} {7262 1 14} {7249 1 15} {2945 1 16} {3014 1 17} {6799 1 18} {8986 1 19} {2437 1 20} {1807 1 21} {4882 1 22} {6769 1 23} {6655 1 24} {5954 1 25} {4236 1 26} {4722 1 27} {6550 1 28} {6283 1 29} {7821 1 30} {8485 1 31} {57 1 32} {3492 1 33} {9732 1 34} {2400 1 35} {826 1 36} {3818 1 37} {8538 1 38} {6392 1 39} {1098 1 40} {2213 1 41} {2614 1 42} {2083 6 43} {3935 7 44} {8625 7 45} {8402 7 46} {6654 7 47} {8700 7 48} {8793 7 49} {9602 7 50} {3413 7 51}]
2022/08/02 16:31:53 log is {5845 8 16}
2022/08/02 16:31:53 leader 1 logs are [{<nil> 0 0} {6479 1 1} {8146 1 2} {2531 2 3} {2678 2 4} {9636 2 5} {5568 2 6} {9639 4 7} {3036 4 8} {8953 8 9} {1104 8 10} {3418 8 11} {3277 8 12} {1454 8 13} {7589 8 14} {3428 8 15} {5845 8 16}]
2022/08/02 16:31:53 log is {1870 5 25}
2022/08/02 16:31:53 leader 2 logs are [{<nil> 0 0} {6479 1 1} {4921 2 2} {2531 2 3} {2678 2 4} {8358 2 5} {4440 2 6} {9639 4 7} {3036 4 8} {6344 4 9} {7221 4 10} {6109 4 11} {7201 4 12} {1357 4 13} {4546 4 14} {8585 4 15} {758 4 16} {9515 4 17} {6553 5 18} {9967 5 19} {7561 5 20} {5164 5 21} {3288 5 22} {6254 5 23} {8442 5 24} {1870 5 25}]
2022/08/02 16:31:53 log is {1610 6 21}
2022/08/02 16:31:53 leader 4 logs are [{<nil> 0 0} {6479 1 1} {8146 1 2} {6333 4 3} {8053 4 4} {2549 4 5} {151 4 6} {5895 4 7} {9318 4 8} {1178 4 9} {6386 4 10} {1829 4 11} {17 4 12} {7417 5 13} {9309 6 14} {155 6 15} {7233 6 16} {4718 6 17} {189 6 18} {7142 6 19} {5487 6 20} {1610 6 21}]
2022/08/02 16:31:53 log is {2982 7 52}
2022/08/02 16:31:53 leader 0 logs are [{<nil> 0 0} {6479 1 1} {8146 1 2} {1091 1 3} {8869 1 4} {9219 1 5} {4156 1 6} {5588 1 7} {8922 1 8} {234 1 9} {8282 1 10} {924 1 11} {807 1 12} {5081 1 13} {7262 1 14} {7249 1 15} {2945 1 16} {3014 1 17} {6799 1 18} {8986 1 19} {2437 1 20} {1807 1 21} {4882 1 22} {6769 1 23} {6655 1 24} {5954 1 25} {4236 1 26} {4722 1 27} {6550 1 28} {6283 1 29} {7821 1 30} {8485 1 31} {57 1 32} {3492 1 33} {9732 1 34} {2400 1 35} {826 1 36} {3818 1 37} {8538 1 38} {6392 1 39} {1098 1 40} {2213 1 41} {2614 1 42} {2083 6 43} {3935 7 44} {8625 7 45} {8402 7 46} {6654 7 47} {8700 7 48} {8793 7 49} {9602 7 50} {3413 7 51} {2982 7 52}]
2022/08/02 16:31:53 log is {3903 8 17}
2022/08/02 16:31:53 leader 1 logs are [{<nil> 0 0} {6479 1 1} {8146 1 2} {2531 2 3} {2678 2 4} {9636 2 5} {5568 2 6} {9639 4 7} {3036 4 8} {8953 8 9} {1104 8 10} {3418 8 11} {3277 8 12} {1454 8 13} {7589 8 14} {3428 8 15} {5845 8 16} {3903 8 17}]
2022/08/02 16:31:53 log is {5522 5 26}
2022/08/02 16:31:53 leader 2 logs are [{<nil> 0 0} {6479 1 1} {4921 2 2} {2531 2 3} {2678 2 4} {8358 2 5} {4440 2 6} {9639 4 7} {3036 4 8} {6344 4 9} {7221 4 10} {6109 4 11} {7201 4 12} {1357 4 13} {4546 4 14} {8585 4 15} {758 4 16} {9515 4 17} {6553 5 18} {9967 5 19} {7561 5 20} {5164 5 21} {3288 5 22} {6254 5 23} {8442 5 24} {1870 5 25} {5522 5 26}]
2022/08/02 16:31:53 log is {6829 6 22}
2022/08/02 16:31:53 leader 4 logs are [{<nil> 0 0} {6479 1 1} {8146 1 2} {6333 4 3} {8053 4 4} {2549 4 5} {151 4 6} {5895 4 7} {9318 4 8} {1178 4 9} {6386 4 10} {1829 4 11} {17 4 12} {7417 5 13} {9309 6 14} {155 6 15} {7233 6 16} {4718 6 17} {189 6 18} {7142 6 19} {5487 6 20} {1610 6 21} {6829 6 22}]
2022/08/02 16:31:53 server 0 logs are [{<nil> 0 0} {6479 1 1} {8146 1 2} {1091 1 3} {8869 1 4} {9219 1 5} {4156 1 6} {5588 1 7} {8922 1 8} {8953 8 9} {8282 1 10} {924 1 11} {807 1 12} {5081 1 13} {7262 1 14} {7249 1 15} {2945 1 16} {3014 1 17} {6799 1 18} {8986 1 19} {2437 1 20} {1807 1 21} {4882 1 22} {6769 1 23} {6655 1 24} {5954 1 25} {4236 1 26} {4722 1 27} {6550 1 28} {6283 1 29} {7821 1 30} {8485 1 31} {57 1 32} {3492 1 33} {9732 1 34} {2400 1 35} {826 1 36} {3818 1 37} {8538 1 38} {6392 1 39} {1098 1 40} {2213 1 41} {2614 1 42} {2083 6 43} {3935 7 44} {8625 7 45} {8402 7 46} {6654 7 47} {8700 7 48} {8793 7 49} {9602 7 50} {3413 7 51} {2982 7 52}]
2022/08/02 16:31:53 log is {5880 8 18}
2022/08/02 16:31:53 leader 1 logs are [{<nil> 0 0} {6479 1 1} {8146 1 2} {2531 2 3} {2678 2 4} {9636 2 5} {5568 2 6} {9639 4 7} {3036 4 8} {8953 8 9} {1104 8 10} {3418 8 11} {3277 8 12} {1454 8 13} {7589 8 14} {3428 8 15} {5845 8 16} {3903 8 17} {5880 8 18}]
2022/08/02 16:31:53 log is {1351 5 27}
2022/08/02 16:31:53 leader 2 logs are [{<nil> 0 0} {6479 1 1} {4921 2 2} {2531 2 3} {2678 2 4} {8358 2 5} {4440 2 6} {9639 4 7} {3036 4 8} {6344 4 9} {7221 4 10} {6109 4 11} {7201 4 12} {1357 4 13} {4546 4 14} {8585 4 15} {758 4 16} {9515 4 17} {6553 5 18} {9967 5 19} {7561 5 20} {5164 5 21} {3288 5 22} {6254 5 23} {8442 5 24} {1870 5 25} {5522 5 26} {1351 5 27}]
2022/08/02 16:31:53 log is {8877 6 23}
2022/08/02 16:31:53 leader 4 logs are [{<nil> 0 0} {6479 1 1} {8146 1 2} {6333 4 3} {8053 4 4} {2549 4 5} {151 4 6} {5895 4 7} {9318 4 8} {1178 4 9} {6386 4 10} {1829 4 11} {17 4 12} {7417 5 13} {9309 6 14} {155 6 15} {7233 6 16} {4718 6 17} {189 6 18} {7142 6 19} {5487 6 20} {1610 6 21} {6829 6 22} {8877 6 23}]
2022/08/02 16:31:53 log is {9246 8 19}
2022/08/02 16:31:53 leader 1 logs are [{<nil> 0 0} {6479 1 1} {8146 1 2} {2531 2 3} {2678 2 4} {9636 2 5} {5568 2 6} {9639 4 7} {3036 4 8} {8953 8 9} {1104 8 10} {3418 8 11} {3277 8 12} {1454 8 13} {7589 8 14} {3428 8 15} {5845 8 16} {3903 8 17} {5880 8 18} {9246 8 19}]
2022/08/02 16:31:53 log is {8611 5 28}
2022/08/02 16:31:53 leader 2 logs are [{<nil> 0 0} {6479 1 1} {4921 2 2} {2531 2 3} {2678 2 4} {8358 2 5} {4440 2 6} {9639 4 7} {3036 4 8} {6344 4 9} {7221 4 10} {6109 4 11} {7201 4 12} {1357 4 13} {4546 4 14} {8585 4 15} {758 4 16} {9515 4 17} {6553 5 18} {9967 5 19} {7561 5 20} {5164 5 21} {3288 5 22} {6254 5 23} {8442 5 24} {1870 5 25} {5522 5 26} {1351 5 27} {8611 5 28}]
2022/08/02 16:31:53 log is {3854 6 24}
2022/08/02 16:31:53 leader 4 logs are [{<nil> 0 0} {6479 1 1} {8146 1 2} {6333 4 3} {8053 4 4} {2549 4 5} {151 4 6} {5895 4 7} {9318 4 8} {1178 4 9} {6386 4 10} {1829 4 11} {17 4 12} {7417 5 13} {9309 6 14} {155 6 15} {7233 6 16} {4718 6 17} {189 6 18} {7142 6 19} {5487 6 20} {1610 6 21} {6829 6 22} {8877 6 23} {3854 6 24}]
2022/08/02 16:31:53 log is {1623 8 20}
2022/08/02 16:31:53 leader 1 logs are [{<nil> 0 0} {6479 1 1} {8146 1 2} {2531 2 3} {2678 2 4} {9636 2 5} {5568 2 6} {9639 4 7} {3036 4 8} {8953 8 9} {1104 8 10} {3418 8 11} {3277 8 12} {1454 8 13} {7589 8 14} {3428 8 15} {5845 8 16} {3903 8 17} {5880 8 18} {9246 8 19} {1623 8 20}]
2022/08/02 16:31:53 log is {6892 5 29}
2022/08/02 16:31:53 leader 2 logs are [{<nil> 0 0} {6479 1 1} {4921 2 2} {2531 2 3} {2678 2 4} {8358 2 5} {4440 2 6} {9639 4 7} {3036 4 8} {6344 4 9} {7221 4 10} {6109 4 11} {7201 4 12} {1357 4 13} {4546 4 14} {8585 4 15} {758 4 16} {9515 4 17} {6553 5 18} {9967 5 19} {7561 5 20} {5164 5 21} {3288 5 22} {6254 5 23} {8442 5 24} {1870 5 25} {5522 5 26} {1351 5 27} {8611 5 28} {6892 5 29}]
2022/08/02 16:31:53 log is {1373 6 25}
2022/08/02 16:31:53 leader 4 logs are [{<nil> 0 0} {6479 1 1} {8146 1 2} {6333 4 3} {8053 4 4} {2549 4 5} {151 4 6} {5895 4 7} {9318 4 8} {1178 4 9} {6386 4 10} {1829 4 11} {17 4 12} {7417 5 13} {9309 6 14} {155 6 15} {7233 6 16} {4718 6 17} {189 6 18} {7142 6 19} {5487 6 20} {1610 6 21} {6829 6 22} {8877 6 23} {3854 6 24} {1373 6 25}]
2022/08/02 16:31:53 log is {3807 8 21}
2022/08/02 16:31:53 leader 1 logs are [{<nil> 0 0} {6479 1 1} {8146 1 2} {2531 2 3} {2678 2 4} {9636 2 5} {5568 2 6} {9639 4 7} {3036 4 8} {8953 8 9} {1104 8 10} {3418 8 11} {3277 8 12} {1454 8 13} {7589 8 14} {3428 8 15} {5845 8 16} {3903 8 17} {5880 8 18} {9246 8 19} {1623 8 20} {3807 8 21}]
2022/08/02 16:31:53 log is {6039 5 30}
2022/08/02 16:31:53 leader 2 logs are [{<nil> 0 0} {6479 1 1} {4921 2 2} {2531 2 3} {2678 2 4} {8358 2 5} {4440 2 6} {9639 4 7} {3036 4 8} {6344 4 9} {7221 4 10} {6109 4 11} {7201 4 12} {1357 4 13} {4546 4 14} {8585 4 15} {758 4 16} {9515 4 17} {6553 5 18} {9967 5 19} {7561 5 20} {5164 5 21} {3288 5 22} {6254 5 23} {8442 5 24} {1870 5 25} {5522 5 26} {1351 5 27} {8611 5 28} {6892 5 29} {6039 5 30}]
2022/08/02 16:31:53 log is {2115 6 26}
2022/08/02 16:31:53 leader 4 logs are [{<nil> 0 0} {6479 1 1} {8146 1 2} {6333 4 3} {8053 4 4} {2549 4 5} {151 4 6} {5895 4 7} {9318 4 8} {1178 4 9} {6386 4 10} {1829 4 11} {17 4 12} {7417 5 13} {9309 6 14} {155 6 15} {7233 6 16} {4718 6 17} {189 6 18} {7142 6 19} {5487 6 20} {1610 6 21} {6829 6 22} {8877 6 23} {3854 6 24} {1373 6 25} {2115 6 26}]
2022/08/02 16:31:53 log is {3949 8 22}
2022/08/02 16:31:53 leader 1 logs are [{<nil> 0 0} {6479 1 1} {8146 1 2} {2531 2 3} {2678 2 4} {9636 2 5} {5568 2 6} {9639 4 7} {3036 4 8} {8953 8 9} {1104 8 10} {3418 8 11} {3277 8 12} {1454 8 13} {7589 8 14} {3428 8 15} {5845 8 16} {3903 8 17} {5880 8 18} {9246 8 19} {1623 8 20} {3807 8 21} {3949 8 22}]
2022/08/02 16:31:53 log is {5127 5 31}
2022/08/02 16:31:53 leader 2 logs are [{<nil> 0 0} {6479 1 1} {4921 2 2} {2531 2 3} {2678 2 4} {8358 2 5} {4440 2 6} {9639 4 7} {3036 4 8} {6344 4 9} {7221 4 10} {6109 4 11} {7201 4 12} {1357 4 13} {4546 4 14} {8585 4 15} {758 4 16} {9515 4 17} {6553 5 18} {9967 5 19} {7561 5 20} {5164 5 21} {3288 5 22} {6254 5 23} {8442 5 24} {1870 5 25} {5522 5 26} {1351 5 27} {8611 5 28} {6892 5 29} {6039 5 30} {5127 5 31}]
2022/08/02 16:31:53 log is {1906 6 27}
2022/08/02 16:31:53 leader 4 logs are [{<nil> 0 0} {6479 1 1} {8146 1 2} {6333 4 3} {8053 4 4} {2549 4 5} {151 4 6} {5895 4 7} {9318 4 8} {1178 4 9} {6386 4 10} {1829 4 11} {17 4 12} {7417 5 13} {9309 6 14} {155 6 15} {7233 6 16} {4718 6 17} {189 6 18} {7142 6 19} {5487 6 20} {1610 6 21} {6829 6 22} {8877 6 23} {3854 6 24} {1373 6 25} {2115 6 26} {1906 6 27}]
2022/08/02 16:31:53 log is {4620 8 23}
2022/08/02 16:31:53 leader 1 logs are [{<nil> 0 0} {6479 1 1} {8146 1 2} {2531 2 3} {2678 2 4} {9636 2 5} {5568 2 6} {9639 4 7} {3036 4 8} {8953 8 9} {1104 8 10} {3418 8 11} {3277 8 12} {1454 8 13} {7589 8 14} {3428 8 15} {5845 8 16} {3903 8 17} {5880 8 18} {9246 8 19} {1623 8 20} {3807 8 21} {3949 8 22} {4620 8 23}]
2022/08/02 16:31:53 log is {1386 5 32}
2022/08/02 16:31:53 leader 2 logs are [{<nil> 0 0} {6479 1 1} {4921 2 2} {2531 2 3} {2678 2 4} {8358 2 5} {4440 2 6} {9639 4 7} {3036 4 8} {6344 4 9} {7221 4 10} {6109 4 11} {7201 4 12} {1357 4 13} {4546 4 14} {8585 4 15} {758 4 16} {9515 4 17} {6553 5 18} {9967 5 19} {7561 5 20} {5164 5 21} {3288 5 22} {6254 5 23} {8442 5 24} {1870 5 25} {5522 5 26} {1351 5 27} {8611 5 28} {6892 5 29} {6039 5 30} {5127 5 31} {1386 5 32}]
2022/08/02 16:31:53 log is {845 6 28}
2022/08/02 16:31:53 leader 4 logs are [{<nil> 0 0} {6479 1 1} {8146 1 2} {6333 4 3} {8053 4 4} {2549 4 5} {151 4 6} {5895 4 7} {9318 4 8} {1178 4 9} {6386 4 10} {1829 4 11} {17 4 12} {7417 5 13} {9309 6 14} {155 6 15} {7233 6 16} {4718 6 17} {189 6 18} {7142 6 19} {5487 6 20} {1610 6 21} {6829 6 22} {8877 6 23} {3854 6 24} {1373 6 25} {2115 6 26} {1906 6 27} {845 6 28}]
2022/08/02 16:31:53 log is {7269 8 24}
2022/08/02 16:31:53 leader 1 logs are [{<nil> 0 0} {6479 1 1} {8146 1 2} {2531 2 3} {2678 2 4} {9636 2 5} {5568 2 6} {9639 4 7} {3036 4 8} {8953 8 9} {1104 8 10} {3418 8 11} {3277 8 12} {1454 8 13} {7589 8 14} {3428 8 15} {5845 8 16} {3903 8 17} {5880 8 18} {9246 8 19} {1623 8 20} {3807 8 21} {3949 8 22} {4620 8 23} {7269 8 24}]
2022/08/02 16:31:53 log is {9093 5 33}
2022/08/02 16:31:53 leader 2 logs are [{<nil> 0 0} {6479 1 1} {4921 2 2} {2531 2 3} {2678 2 4} {8358 2 5} {4440 2 6} {9639 4 7} {3036 4 8} {6344 4 9} {7221 4 10} {6109 4 11} {7201 4 12} {1357 4 13} {4546 4 14} {8585 4 15} {758 4 16} {9515 4 17} {6553 5 18} {9967 5 19} {7561 5 20} {5164 5 21} {3288 5 22} {6254 5 23} {8442 5 24} {1870 5 25} {5522 5 26} {1351 5 27} {8611 5 28} {6892 5 29} {6039 5 30} {5127 5 31} {1386 5 32} {9093 5 33}]
2022/08/02 16:31:53 log is {9814 6 29}
2022/08/02 16:31:53 leader 4 logs are [{<nil> 0 0} {6479 1 1} {8146 1 2} {6333 4 3} {8053 4 4} {2549 4 5} {151 4 6} {5895 4 7} {9318 4 8} {1178 4 9} {6386 4 10} {1829 4 11} {17 4 12} {7417 5 13} {9309 6 14} {155 6 15} {7233 6 16} {4718 6 17} {189 6 18} {7142 6 19} {5487 6 20} {1610 6 21} {6829 6 22} {8877 6 23} {3854 6 24} {1373 6 25} {2115 6 26} {1906 6 27} {845 6 28} {9814 6 29}]
2022/08/02 16:31:53 log is {1532 8 25}
2022/08/02 16:31:53 leader 1 logs are [{<nil> 0 0} {6479 1 1} {8146 1 2} {2531 2 3} {2678 2 4} {9636 2 5} {5568 2 6} {9639 4 7} {3036 4 8} {8953 8 9} {1104 8 10} {3418 8 11} {3277 8 12} {1454 8 13} {7589 8 14} {3428 8 15} {5845 8 16} {3903 8 17} {5880 8 18} {9246 8 19} {1623 8 20} {3807 8 21} {3949 8 22} {4620 8 23} {7269 8 24} {1532 8 25}]
2022/08/02 16:31:53 log is {7392 5 34}
2022/08/02 16:31:53 leader 2 logs are [{<nil> 0 0} {6479 1 1} {4921 2 2} {2531 2 3} {2678 2 4} {8358 2 5} {4440 2 6} {9639 4 7} {3036 4 8} {6344 4 9} {7221 4 10} {6109 4 11} {7201 4 12} {1357 4 13} {4546 4 14} {8585 4 15} {758 4 16} {9515 4 17} {6553 5 18} {9967 5 19} {7561 5 20} {5164 5 21} {3288 5 22} {6254 5 23} {8442 5 24} {1870 5 25} {5522 5 26} {1351 5 27} {8611 5 28} {6892 5 29} {6039 5 30} {5127 5 31} {1386 5 32} {9093 5 33} {7392 5 34}]
2022/08/02 16:31:53 log is {9609 6 30}
2022/08/02 16:31:53 leader 4 logs are [{<nil> 0 0} {6479 1 1} {8146 1 2} {6333 4 3} {8053 4 4} {2549 4 5} {151 4 6} {5895 4 7} {9318 4 8} {1178 4 9} {6386 4 10} {1829 4 11} {17 4 12} {7417 5 13} {9309 6 14} {155 6 15} {7233 6 16} {4718 6 17} {189 6 18} {7142 6 19} {5487 6 20} {1610 6 21} {6829 6 22} {8877 6 23} {3854 6 24} {1373 6 25} {2115 6 26} {1906 6 27} {845 6 28} {9814 6 29} {9609 6 30}]
signal: interrupt
FAIL	6.824/raft	3.644s
